[2022-06-09 13:32:09] local.ERROR: ZipArchive::close(): Renaming temporary file failed: No such file or directory {"exception":"[object] (ErrorException(code: 0): ZipArchive::close(): Renaming temporary file failed: No such file or directory at /var/www/kaped.app/web-app/vendor/spatie/laravel-backup/src/Tasks/Backup/Zip.php:89)
[stacktrace]
#0 [internal function]: Illuminate\\Foundation\\Bootstrap\\HandleExceptions->handleError()
#1 /var/www/kaped.app/web-app/vendor/spatie/laravel-backup/src/Tasks/Backup/Zip.php(89): ZipArchive->close()
#2 /var/www/kaped.app/web-app/vendor/spatie/laravel-backup/src/Tasks/Backup/Zip.php(30): Spatie\\Backup\\Tasks\\Backup\\Zip->close()
#3 /var/www/kaped.app/web-app/vendor/spatie/laravel-backup/src/Tasks/Backup/BackupJob.php(213): Spatie\\Backup\\Tasks\\Backup\\Zip::createForManifest()
#4 /var/www/kaped.app/web-app/vendor/spatie/laravel-backup/src/Tasks/Backup/BackupJob.php(153): Spatie\\Backup\\Tasks\\Backup\\BackupJob->createZipContainingEveryFileInManifest()
#5 /var/www/kaped.app/web-app/vendor/pavel-mironchik/laravel-backup-panel/src/Jobs/CreateBackupJob.php(40): Spatie\\Backup\\Tasks\\Backup\\BackupJob->run()
#6 /var/www/kaped.app/web-app/vendor/laravel/framework/src/Illuminate/Container/BoundMethod.php(36): PavelMironchik\\LaravelBackupPanel\\Jobs\\CreateBackupJob->handle()
#7 /var/www/kaped.app/web-app/vendor/laravel/framework/src/Illuminate/Container/Util.php(37): Illuminate\\Container\\BoundMethod::Illuminate\\Container\\{closure}()
#8 /var/www/kaped.app/web-app/vendor/laravel/framework/src/Illuminate/Container/BoundMethod.php(93): Illuminate\\Container\\Util::unwrapIfClosure()
#9 /var/www/kaped.app/web-app/vendor/laravel/framework/src/Illuminate/Container/BoundMethod.php(37): Illuminate\\Container\\BoundMethod::callBoundMethod()
#10 /var/www/kaped.app/web-app/vendor/laravel/framework/src/Illuminate/Container/Container.php(596): Illuminate\\Container\\BoundMethod::call()
#11 /var/www/kaped.app/web-app/vendor/laravel/framework/src/Illuminate/Bus/Dispatcher.php(94): Illuminate\\Container\\Container->call()
#12 /var/www/kaped.app/web-app/vendor/laravel/framework/src/Illuminate/Pipeline/Pipeline.php(128): Illuminate\\Bus\\Dispatcher->Illuminate\\Bus\\{closure}()
#13 /var/www/kaped.app/web-app/vendor/laravel/framework/src/Illuminate/Pipeline/Pipeline.php(103): Illuminate\\Pipeline\\Pipeline->Illuminate\\Pipeline\\{closure}()
#14 /var/www/kaped.app/web-app/vendor/laravel/framework/src/Illuminate/Bus/Dispatcher.php(98): Illuminate\\Pipeline\\Pipeline->then()
#15 /var/www/kaped.app/web-app/vendor/laravel/framework/src/Illuminate/Queue/CallQueuedHandler.php(83): Illuminate\\Bus\\Dispatcher->dispatchNow()
#16 /var/www/kaped.app/web-app/vendor/laravel/framework/src/Illuminate/Pipeline/Pipeline.php(128): Illuminate\\Queue\\CallQueuedHandler->Illuminate\\Queue\\{closure}()
#17 /var/www/kaped.app/web-app/vendor/laravel/framework/src/Illuminate/Pipeline/Pipeline.php(103): Illuminate\\Pipeline\\Pipeline->Illuminate\\Pipeline\\{closure}()
#18 /var/www/kaped.app/web-app/vendor/laravel/framework/src/Illuminate/Queue/CallQueuedHandler.php(85): Illuminate\\Pipeline\\Pipeline->then()
#19 /var/www/kaped.app/web-app/vendor/laravel/framework/src/Illuminate/Queue/CallQueuedHandler.php(59): Illuminate\\Queue\\CallQueuedHandler->dispatchThroughMiddleware()
#20 /var/www/kaped.app/web-app/vendor/laravel/framework/src/Illuminate/Queue/Jobs/Job.php(98): Illuminate\\Queue\\CallQueuedHandler->call()
#21 /var/www/kaped.app/web-app/vendor/laravel/framework/src/Illuminate/Queue/Worker.php(356): Illuminate\\Queue\\Jobs\\Job->fire()
#22 /var/www/kaped.app/web-app/vendor/laravel/framework/src/Illuminate/Queue/Worker.php(306): Illuminate\\Queue\\Worker->process()
#23 /var/www/kaped.app/web-app/vendor/laravel/framework/src/Illuminate/Queue/Worker.php(132): Illuminate\\Queue\\Worker->runJob()
#24 /var/www/kaped.app/web-app/vendor/laravel/framework/src/Illuminate/Queue/Console/WorkCommand.php(112): Illuminate\\Queue\\Worker->daemon()
#25 /var/www/kaped.app/web-app/vendor/laravel/framework/src/Illuminate/Queue/Console/WorkCommand.php(96): Illuminate\\Queue\\Console\\WorkCommand->runWorker()
#26 /var/www/kaped.app/web-app/vendor/laravel/framework/src/Illuminate/Container/BoundMethod.php(36): Illuminate\\Queue\\Console\\WorkCommand->handle()
#27 /var/www/kaped.app/web-app/vendor/laravel/framework/src/Illuminate/Container/Util.php(37): Illuminate\\Container\\BoundMethod::Illuminate\\Container\\{closure}()
#28 /var/www/kaped.app/web-app/vendor/laravel/framework/src/Illuminate/Container/BoundMethod.php(93): Illuminate\\Container\\Util::unwrapIfClosure()
#29 /var/www/kaped.app/web-app/vendor/laravel/framework/src/Illuminate/Container/BoundMethod.php(37): Illuminate\\Container\\BoundMethod::callBoundMethod()
#30 /var/www/kaped.app/web-app/vendor/laravel/framework/src/Illuminate/Container/Container.php(596): Illuminate\\Container\\BoundMethod::call()
#31 /var/www/kaped.app/web-app/vendor/laravel/framework/src/Illuminate/Console/Command.php(134): Illuminate\\Container\\Container->call()
#32 /var/www/kaped.app/web-app/vendor/symfony/console/Command/Command.php(288): Illuminate\\Console\\Command->execute()
#33 /var/www/kaped.app/web-app/vendor/laravel/framework/src/Illuminate/Console/Command.php(121): Symfony\\Component\\Console\\Command\\Command->run()
#34 /var/www/kaped.app/web-app/vendor/symfony/console/Application.php(974): Illuminate\\Console\\Command->run()
#35 /var/www/kaped.app/web-app/vendor/symfony/console/Application.php(291): Symfony\\Component\\Console\\Application->doRunCommand()
#36 /var/www/kaped.app/web-app/vendor/symfony/console/Application.php(167): Symfony\\Component\\Console\\Application->doRun()
#37 /var/www/kaped.app/web-app/vendor/laravel/framework/src/Illuminate/Console/Application.php(93): Symfony\\Component\\Console\\Application->run()
#38 /var/www/kaped.app/web-app/vendor/laravel/framework/src/Illuminate/Foundation/Console/Kernel.php(129): Illuminate\\Console\\Application->run()
#39 /var/www/kaped.app/web-app/artisan(37): Illuminate\\Foundation\\Console\\Kernel->handle()
#40 {main}
"} 
[2022-06-09 13:32:26] local.ERROR: ZipArchive::close(): Renaming temporary file failed: No such file or directory {"exception":"[object] (ErrorException(code: 0): ZipArchive::close(): Renaming temporary file failed: No such file or directory at /var/www/kaped.app/web-app/vendor/spatie/laravel-backup/src/Tasks/Backup/Zip.php:89)
[stacktrace]
#0 [internal function]: Illuminate\\Foundation\\Bootstrap\\HandleExceptions->handleError()
#1 /var/www/kaped.app/web-app/vendor/spatie/laravel-backup/src/Tasks/Backup/Zip.php(89): ZipArchive->close()
#2 /var/www/kaped.app/web-app/vendor/spatie/laravel-backup/src/Tasks/Backup/Zip.php(30): Spatie\\Backup\\Tasks\\Backup\\Zip->close()
#3 /var/www/kaped.app/web-app/vendor/spatie/laravel-backup/src/Tasks/Backup/BackupJob.php(213): Spatie\\Backup\\Tasks\\Backup\\Zip::createForManifest()
#4 /var/www/kaped.app/web-app/vendor/spatie/laravel-backup/src/Tasks/Backup/BackupJob.php(153): Spatie\\Backup\\Tasks\\Backup\\BackupJob->createZipContainingEveryFileInManifest()
#5 /var/www/kaped.app/web-app/vendor/pavel-mironchik/laravel-backup-panel/src/Jobs/CreateBackupJob.php(40): Spatie\\Backup\\Tasks\\Backup\\BackupJob->run()
#6 /var/www/kaped.app/web-app/vendor/laravel/framework/src/Illuminate/Container/BoundMethod.php(36): PavelMironchik\\LaravelBackupPanel\\Jobs\\CreateBackupJob->handle()
#7 /var/www/kaped.app/web-app/vendor/laravel/framework/src/Illuminate/Container/Util.php(37): Illuminate\\Container\\BoundMethod::Illuminate\\Container\\{closure}()
#8 /var/www/kaped.app/web-app/vendor/laravel/framework/src/Illuminate/Container/BoundMethod.php(93): Illuminate\\Container\\Util::unwrapIfClosure()
#9 /var/www/kaped.app/web-app/vendor/laravel/framework/src/Illuminate/Container/BoundMethod.php(37): Illuminate\\Container\\BoundMethod::callBoundMethod()
#10 /var/www/kaped.app/web-app/vendor/laravel/framework/src/Illuminate/Container/Container.php(596): Illuminate\\Container\\BoundMethod::call()
#11 /var/www/kaped.app/web-app/vendor/laravel/framework/src/Illuminate/Bus/Dispatcher.php(94): Illuminate\\Container\\Container->call()
#12 /var/www/kaped.app/web-app/vendor/laravel/framework/src/Illuminate/Pipeline/Pipeline.php(128): Illuminate\\Bus\\Dispatcher->Illuminate\\Bus\\{closure}()
#13 /var/www/kaped.app/web-app/vendor/laravel/framework/src/Illuminate/Pipeline/Pipeline.php(103): Illuminate\\Pipeline\\Pipeline->Illuminate\\Pipeline\\{closure}()
#14 /var/www/kaped.app/web-app/vendor/laravel/framework/src/Illuminate/Bus/Dispatcher.php(98): Illuminate\\Pipeline\\Pipeline->then()
#15 /var/www/kaped.app/web-app/vendor/laravel/framework/src/Illuminate/Queue/CallQueuedHandler.php(83): Illuminate\\Bus\\Dispatcher->dispatchNow()
#16 /var/www/kaped.app/web-app/vendor/laravel/framework/src/Illuminate/Pipeline/Pipeline.php(128): Illuminate\\Queue\\CallQueuedHandler->Illuminate\\Queue\\{closure}()
#17 /var/www/kaped.app/web-app/vendor/laravel/framework/src/Illuminate/Pipeline/Pipeline.php(103): Illuminate\\Pipeline\\Pipeline->Illuminate\\Pipeline\\{closure}()
#18 /var/www/kaped.app/web-app/vendor/laravel/framework/src/Illuminate/Queue/CallQueuedHandler.php(85): Illuminate\\Pipeline\\Pipeline->then()
#19 /var/www/kaped.app/web-app/vendor/laravel/framework/src/Illuminate/Queue/CallQueuedHandler.php(59): Illuminate\\Queue\\CallQueuedHandler->dispatchThroughMiddleware()
#20 /var/www/kaped.app/web-app/vendor/laravel/framework/src/Illuminate/Queue/Jobs/Job.php(98): Illuminate\\Queue\\CallQueuedHandler->call()
#21 /var/www/kaped.app/web-app/vendor/laravel/framework/src/Illuminate/Queue/Worker.php(356): Illuminate\\Queue\\Jobs\\Job->fire()
#22 /var/www/kaped.app/web-app/vendor/laravel/framework/src/Illuminate/Queue/Worker.php(306): Illuminate\\Queue\\Worker->process()
#23 /var/www/kaped.app/web-app/vendor/laravel/framework/src/Illuminate/Queue/Worker.php(132): Illuminate\\Queue\\Worker->runJob()
#24 /var/www/kaped.app/web-app/vendor/laravel/framework/src/Illuminate/Queue/Console/WorkCommand.php(112): Illuminate\\Queue\\Worker->daemon()
#25 /var/www/kaped.app/web-app/vendor/laravel/framework/src/Illuminate/Queue/Console/WorkCommand.php(96): Illuminate\\Queue\\Console\\WorkCommand->runWorker()
#26 /var/www/kaped.app/web-app/vendor/laravel/framework/src/Illuminate/Container/BoundMethod.php(36): Illuminate\\Queue\\Console\\WorkCommand->handle()
#27 /var/www/kaped.app/web-app/vendor/laravel/framework/src/Illuminate/Container/Util.php(37): Illuminate\\Container\\BoundMethod::Illuminate\\Container\\{closure}()
#28 /var/www/kaped.app/web-app/vendor/laravel/framework/src/Illuminate/Container/BoundMethod.php(93): Illuminate\\Container\\Util::unwrapIfClosure()
#29 /var/www/kaped.app/web-app/vendor/laravel/framework/src/Illuminate/Container/BoundMethod.php(37): Illuminate\\Container\\BoundMethod::callBoundMethod()
#30 /var/www/kaped.app/web-app/vendor/laravel/framework/src/Illuminate/Container/Container.php(596): Illuminate\\Container\\BoundMethod::call()
#31 /var/www/kaped.app/web-app/vendor/laravel/framework/src/Illuminate/Console/Command.php(134): Illuminate\\Container\\Container->call()
#32 /var/www/kaped.app/web-app/vendor/symfony/console/Command/Command.php(288): Illuminate\\Console\\Command->execute()
#33 /var/www/kaped.app/web-app/vendor/laravel/framework/src/Illuminate/Console/Command.php(121): Symfony\\Component\\Console\\Command\\Command->run()
#34 /var/www/kaped.app/web-app/vendor/symfony/console/Application.php(974): Illuminate\\Console\\Command->run()
#35 /var/www/kaped.app/web-app/vendor/symfony/console/Application.php(291): Symfony\\Component\\Console\\Application->doRunCommand()
#36 /var/www/kaped.app/web-app/vendor/symfony/console/Application.php(167): Symfony\\Component\\Console\\Application->doRun()
#37 /var/www/kaped.app/web-app/vendor/laravel/framework/src/Illuminate/Console/Application.php(93): Symfony\\Component\\Console\\Application->run()
#38 /var/www/kaped.app/web-app/vendor/laravel/framework/src/Illuminate/Foundation/Console/Kernel.php(129): Illuminate\\Console\\Application->run()
#39 /var/www/kaped.app/web-app/artisan(37): Illuminate\\Foundation\\Console\\Kernel->handle()
#40 {main}
"} 
[2022-06-09 13:32:48] local.ERROR: ZipArchive::close(): Renaming temporary file failed: No such file or directory {"exception":"[object] (ErrorException(code: 0): ZipArchive::close(): Renaming temporary file failed: No such file or directory at /var/www/kaped.app/web-app/vendor/spatie/laravel-backup/src/Tasks/Backup/Zip.php:89)
[stacktrace]
#0 [internal function]: Illuminate\\Foundation\\Bootstrap\\HandleExceptions->handleError()
#1 /var/www/kaped.app/web-app/vendor/spatie/laravel-backup/src/Tasks/Backup/Zip.php(89): ZipArchive->close()
#2 /var/www/kaped.app/web-app/vendor/spatie/laravel-backup/src/Tasks/Backup/Zip.php(30): Spatie\\Backup\\Tasks\\Backup\\Zip->close()
#3 /var/www/kaped.app/web-app/vendor/spatie/laravel-backup/src/Tasks/Backup/BackupJob.php(213): Spatie\\Backup\\Tasks\\Backup\\Zip::createForManifest()
#4 /var/www/kaped.app/web-app/vendor/spatie/laravel-backup/src/Tasks/Backup/BackupJob.php(153): Spatie\\Backup\\Tasks\\Backup\\BackupJob->createZipContainingEveryFileInManifest()
#5 /var/www/kaped.app/web-app/vendor/pavel-mironchik/laravel-backup-panel/src/Jobs/CreateBackupJob.php(40): Spatie\\Backup\\Tasks\\Backup\\BackupJob->run()
#6 /var/www/kaped.app/web-app/vendor/laravel/framework/src/Illuminate/Container/BoundMethod.php(36): PavelMironchik\\LaravelBackupPanel\\Jobs\\CreateBackupJob->handle()
#7 /var/www/kaped.app/web-app/vendor/laravel/framework/src/Illuminate/Container/Util.php(37): Illuminate\\Container\\BoundMethod::Illuminate\\Container\\{closure}()
#8 /var/www/kaped.app/web-app/vendor/laravel/framework/src/Illuminate/Container/BoundMethod.php(93): Illuminate\\Container\\Util::unwrapIfClosure()
#9 /var/www/kaped.app/web-app/vendor/laravel/framework/src/Illuminate/Container/BoundMethod.php(37): Illuminate\\Container\\BoundMethod::callBoundMethod()
#10 /var/www/kaped.app/web-app/vendor/laravel/framework/src/Illuminate/Container/Container.php(596): Illuminate\\Container\\BoundMethod::call()
#11 /var/www/kaped.app/web-app/vendor/laravel/framework/src/Illuminate/Bus/Dispatcher.php(94): Illuminate\\Container\\Container->call()
#12 /var/www/kaped.app/web-app/vendor/laravel/framework/src/Illuminate/Pipeline/Pipeline.php(128): Illuminate\\Bus\\Dispatcher->Illuminate\\Bus\\{closure}()
#13 /var/www/kaped.app/web-app/vendor/laravel/framework/src/Illuminate/Pipeline/Pipeline.php(103): Illuminate\\Pipeline\\Pipeline->Illuminate\\Pipeline\\{closure}()
#14 /var/www/kaped.app/web-app/vendor/laravel/framework/src/Illuminate/Bus/Dispatcher.php(98): Illuminate\\Pipeline\\Pipeline->then()
#15 /var/www/kaped.app/web-app/vendor/laravel/framework/src/Illuminate/Queue/CallQueuedHandler.php(83): Illuminate\\Bus\\Dispatcher->dispatchNow()
#16 /var/www/kaped.app/web-app/vendor/laravel/framework/src/Illuminate/Pipeline/Pipeline.php(128): Illuminate\\Queue\\CallQueuedHandler->Illuminate\\Queue\\{closure}()
#17 /var/www/kaped.app/web-app/vendor/laravel/framework/src/Illuminate/Pipeline/Pipeline.php(103): Illuminate\\Pipeline\\Pipeline->Illuminate\\Pipeline\\{closure}()
#18 /var/www/kaped.app/web-app/vendor/laravel/framework/src/Illuminate/Queue/CallQueuedHandler.php(85): Illuminate\\Pipeline\\Pipeline->then()
#19 /var/www/kaped.app/web-app/vendor/laravel/framework/src/Illuminate/Queue/CallQueuedHandler.php(59): Illuminate\\Queue\\CallQueuedHandler->dispatchThroughMiddleware()
#20 /var/www/kaped.app/web-app/vendor/laravel/framework/src/Illuminate/Queue/Jobs/Job.php(98): Illuminate\\Queue\\CallQueuedHandler->call()
#21 /var/www/kaped.app/web-app/vendor/laravel/framework/src/Illuminate/Queue/Worker.php(356): Illuminate\\Queue\\Jobs\\Job->fire()
#22 /var/www/kaped.app/web-app/vendor/laravel/framework/src/Illuminate/Queue/Worker.php(306): Illuminate\\Queue\\Worker->process()
#23 /var/www/kaped.app/web-app/vendor/laravel/framework/src/Illuminate/Queue/Worker.php(132): Illuminate\\Queue\\Worker->runJob()
#24 /var/www/kaped.app/web-app/vendor/laravel/framework/src/Illuminate/Queue/Console/WorkCommand.php(112): Illuminate\\Queue\\Worker->daemon()
#25 /var/www/kaped.app/web-app/vendor/laravel/framework/src/Illuminate/Queue/Console/WorkCommand.php(96): Illuminate\\Queue\\Console\\WorkCommand->runWorker()
#26 /var/www/kaped.app/web-app/vendor/laravel/framework/src/Illuminate/Container/BoundMethod.php(36): Illuminate\\Queue\\Console\\WorkCommand->handle()
#27 /var/www/kaped.app/web-app/vendor/laravel/framework/src/Illuminate/Container/Util.php(37): Illuminate\\Container\\BoundMethod::Illuminate\\Container\\{closure}()
#28 /var/www/kaped.app/web-app/vendor/laravel/framework/src/Illuminate/Container/BoundMethod.php(93): Illuminate\\Container\\Util::unwrapIfClosure()
#29 /var/www/kaped.app/web-app/vendor/laravel/framework/src/Illuminate/Container/BoundMethod.php(37): Illuminate\\Container\\BoundMethod::callBoundMethod()
#30 /var/www/kaped.app/web-app/vendor/laravel/framework/src/Illuminate/Container/Container.php(596): Illuminate\\Container\\BoundMethod::call()
#31 /var/www/kaped.app/web-app/vendor/laravel/framework/src/Illuminate/Console/Command.php(134): Illuminate\\Container\\Container->call()
#32 /var/www/kaped.app/web-app/vendor/symfony/console/Command/Command.php(288): Illuminate\\Console\\Command->execute()
#33 /var/www/kaped.app/web-app/vendor/laravel/framework/src/Illuminate/Console/Command.php(121): Symfony\\Component\\Console\\Command\\Command->run()
#34 /var/www/kaped.app/web-app/vendor/symfony/console/Application.php(974): Illuminate\\Console\\Command->run()
#35 /var/www/kaped.app/web-app/vendor/symfony/console/Application.php(291): Symfony\\Component\\Console\\Application->doRunCommand()
#36 /var/www/kaped.app/web-app/vendor/symfony/console/Application.php(167): Symfony\\Component\\Console\\Application->doRun()
#37 /var/www/kaped.app/web-app/vendor/laravel/framework/src/Illuminate/Console/Application.php(93): Symfony\\Component\\Console\\Application->run()
#38 /var/www/kaped.app/web-app/vendor/laravel/framework/src/Illuminate/Foundation/Console/Kernel.php(129): Illuminate\\Console\\Application->run()
#39 /var/www/kaped.app/web-app/artisan(37): Illuminate\\Foundation\\Console\\Kernel->handle()
#40 {main}
"} 
[2022-06-09 13:33:04] local.ERROR: ZipArchive::close(): Renaming temporary file failed: No such file or directory {"exception":"[object] (ErrorException(code: 0): ZipArchive::close(): Renaming temporary file failed: No such file or directory at /var/www/kaped.app/web-app/vendor/spatie/laravel-backup/src/Tasks/Backup/Zip.php:89)
[stacktrace]
#0 [internal function]: Illuminate\\Foundation\\Bootstrap\\HandleExceptions->handleError()
#1 /var/www/kaped.app/web-app/vendor/spatie/laravel-backup/src/Tasks/Backup/Zip.php(89): ZipArchive->close()
#2 /var/www/kaped.app/web-app/vendor/spatie/laravel-backup/src/Tasks/Backup/Zip.php(30): Spatie\\Backup\\Tasks\\Backup\\Zip->close()
#3 /var/www/kaped.app/web-app/vendor/spatie/laravel-backup/src/Tasks/Backup/BackupJob.php(213): Spatie\\Backup\\Tasks\\Backup\\Zip::createForManifest()
#4 /var/www/kaped.app/web-app/vendor/spatie/laravel-backup/src/Tasks/Backup/BackupJob.php(153): Spatie\\Backup\\Tasks\\Backup\\BackupJob->createZipContainingEveryFileInManifest()
#5 /var/www/kaped.app/web-app/vendor/pavel-mironchik/laravel-backup-panel/src/Jobs/CreateBackupJob.php(40): Spatie\\Backup\\Tasks\\Backup\\BackupJob->run()
#6 /var/www/kaped.app/web-app/vendor/laravel/framework/src/Illuminate/Container/BoundMethod.php(36): PavelMironchik\\LaravelBackupPanel\\Jobs\\CreateBackupJob->handle()
#7 /var/www/kaped.app/web-app/vendor/laravel/framework/src/Illuminate/Container/Util.php(37): Illuminate\\Container\\BoundMethod::Illuminate\\Container\\{closure}()
#8 /var/www/kaped.app/web-app/vendor/laravel/framework/src/Illuminate/Container/BoundMethod.php(93): Illuminate\\Container\\Util::unwrapIfClosure()
#9 /var/www/kaped.app/web-app/vendor/laravel/framework/src/Illuminate/Container/BoundMethod.php(37): Illuminate\\Container\\BoundMethod::callBoundMethod()
#10 /var/www/kaped.app/web-app/vendor/laravel/framework/src/Illuminate/Container/Container.php(596): Illuminate\\Container\\BoundMethod::call()
#11 /var/www/kaped.app/web-app/vendor/laravel/framework/src/Illuminate/Bus/Dispatcher.php(94): Illuminate\\Container\\Container->call()
#12 /var/www/kaped.app/web-app/vendor/laravel/framework/src/Illuminate/Pipeline/Pipeline.php(128): Illuminate\\Bus\\Dispatcher->Illuminate\\Bus\\{closure}()
#13 /var/www/kaped.app/web-app/vendor/laravel/framework/src/Illuminate/Pipeline/Pipeline.php(103): Illuminate\\Pipeline\\Pipeline->Illuminate\\Pipeline\\{closure}()
#14 /var/www/kaped.app/web-app/vendor/laravel/framework/src/Illuminate/Bus/Dispatcher.php(98): Illuminate\\Pipeline\\Pipeline->then()
#15 /var/www/kaped.app/web-app/vendor/laravel/framework/src/Illuminate/Queue/CallQueuedHandler.php(83): Illuminate\\Bus\\Dispatcher->dispatchNow()
#16 /var/www/kaped.app/web-app/vendor/laravel/framework/src/Illuminate/Pipeline/Pipeline.php(128): Illuminate\\Queue\\CallQueuedHandler->Illuminate\\Queue\\{closure}()
#17 /var/www/kaped.app/web-app/vendor/laravel/framework/src/Illuminate/Pipeline/Pipeline.php(103): Illuminate\\Pipeline\\Pipeline->Illuminate\\Pipeline\\{closure}()
#18 /var/www/kaped.app/web-app/vendor/laravel/framework/src/Illuminate/Queue/CallQueuedHandler.php(85): Illuminate\\Pipeline\\Pipeline->then()
#19 /var/www/kaped.app/web-app/vendor/laravel/framework/src/Illuminate/Queue/CallQueuedHandler.php(59): Illuminate\\Queue\\CallQueuedHandler->dispatchThroughMiddleware()
#20 /var/www/kaped.app/web-app/vendor/laravel/framework/src/Illuminate/Queue/Jobs/Job.php(98): Illuminate\\Queue\\CallQueuedHandler->call()
#21 /var/www/kaped.app/web-app/vendor/laravel/framework/src/Illuminate/Queue/Worker.php(356): Illuminate\\Queue\\Jobs\\Job->fire()
#22 /var/www/kaped.app/web-app/vendor/laravel/framework/src/Illuminate/Queue/Worker.php(306): Illuminate\\Queue\\Worker->process()
#23 /var/www/kaped.app/web-app/vendor/laravel/framework/src/Illuminate/Queue/Worker.php(132): Illuminate\\Queue\\Worker->runJob()
#24 /var/www/kaped.app/web-app/vendor/laravel/framework/src/Illuminate/Queue/Console/WorkCommand.php(112): Illuminate\\Queue\\Worker->daemon()
#25 /var/www/kaped.app/web-app/vendor/laravel/framework/src/Illuminate/Queue/Console/WorkCommand.php(96): Illuminate\\Queue\\Console\\WorkCommand->runWorker()
#26 /var/www/kaped.app/web-app/vendor/laravel/framework/src/Illuminate/Container/BoundMethod.php(36): Illuminate\\Queue\\Console\\WorkCommand->handle()
#27 /var/www/kaped.app/web-app/vendor/laravel/framework/src/Illuminate/Container/Util.php(37): Illuminate\\Container\\BoundMethod::Illuminate\\Container\\{closure}()
#28 /var/www/kaped.app/web-app/vendor/laravel/framework/src/Illuminate/Container/BoundMethod.php(93): Illuminate\\Container\\Util::unwrapIfClosure()
#29 /var/www/kaped.app/web-app/vendor/laravel/framework/src/Illuminate/Container/BoundMethod.php(37): Illuminate\\Container\\BoundMethod::callBoundMethod()
#30 /var/www/kaped.app/web-app/vendor/laravel/framework/src/Illuminate/Container/Container.php(596): Illuminate\\Container\\BoundMethod::call()
#31 /var/www/kaped.app/web-app/vendor/laravel/framework/src/Illuminate/Console/Command.php(134): Illuminate\\Container\\Container->call()
#32 /var/www/kaped.app/web-app/vendor/symfony/console/Command/Command.php(288): Illuminate\\Console\\Command->execute()
#33 /var/www/kaped.app/web-app/vendor/laravel/framework/src/Illuminate/Console/Command.php(121): Symfony\\Component\\Console\\Command\\Command->run()
#34 /var/www/kaped.app/web-app/vendor/symfony/console/Application.php(974): Illuminate\\Console\\Command->run()
#35 /var/www/kaped.app/web-app/vendor/symfony/console/Application.php(291): Symfony\\Component\\Console\\Application->doRunCommand()
#36 /var/www/kaped.app/web-app/vendor/symfony/console/Application.php(167): Symfony\\Component\\Console\\Application->doRun()
#37 /var/www/kaped.app/web-app/vendor/laravel/framework/src/Illuminate/Console/Application.php(93): Symfony\\Component\\Console\\Application->run()
#38 /var/www/kaped.app/web-app/vendor/laravel/framework/src/Illuminate/Foundation/Console/Kernel.php(129): Illuminate\\Console\\Application->run()
#39 /var/www/kaped.app/web-app/artisan(37): Illuminate\\Foundation\\Console\\Kernel->handle()
#40 {main}
"} 
[2022-06-09 13:33:26] local.ERROR: ZipArchive::close(): Renaming temporary file failed: No such file or directory {"exception":"[object] (ErrorException(code: 0): ZipArchive::close(): Renaming temporary file failed: No such file or directory at /var/www/kaped.app/web-app/vendor/spatie/laravel-backup/src/Tasks/Backup/Zip.php:89)
[stacktrace]
#0 [internal function]: Illuminate\\Foundation\\Bootstrap\\HandleExceptions->handleError()
#1 /var/www/kaped.app/web-app/vendor/spatie/laravel-backup/src/Tasks/Backup/Zip.php(89): ZipArchive->close()
#2 /var/www/kaped.app/web-app/vendor/spatie/laravel-backup/src/Tasks/Backup/Zip.php(30): Spatie\\Backup\\Tasks\\Backup\\Zip->close()
#3 /var/www/kaped.app/web-app/vendor/spatie/laravel-backup/src/Tasks/Backup/BackupJob.php(213): Spatie\\Backup\\Tasks\\Backup\\Zip::createForManifest()
#4 /var/www/kaped.app/web-app/vendor/spatie/laravel-backup/src/Tasks/Backup/BackupJob.php(153): Spatie\\Backup\\Tasks\\Backup\\BackupJob->createZipContainingEveryFileInManifest()
#5 /var/www/kaped.app/web-app/vendor/pavel-mironchik/laravel-backup-panel/src/Jobs/CreateBackupJob.php(40): Spatie\\Backup\\Tasks\\Backup\\BackupJob->run()
#6 /var/www/kaped.app/web-app/vendor/laravel/framework/src/Illuminate/Container/BoundMethod.php(36): PavelMironchik\\LaravelBackupPanel\\Jobs\\CreateBackupJob->handle()
#7 /var/www/kaped.app/web-app/vendor/laravel/framework/src/Illuminate/Container/Util.php(37): Illuminate\\Container\\BoundMethod::Illuminate\\Container\\{closure}()
#8 /var/www/kaped.app/web-app/vendor/laravel/framework/src/Illuminate/Container/BoundMethod.php(93): Illuminate\\Container\\Util::unwrapIfClosure()
#9 /var/www/kaped.app/web-app/vendor/laravel/framework/src/Illuminate/Container/BoundMethod.php(37): Illuminate\\Container\\BoundMethod::callBoundMethod()
#10 /var/www/kaped.app/web-app/vendor/laravel/framework/src/Illuminate/Container/Container.php(596): Illuminate\\Container\\BoundMethod::call()
#11 /var/www/kaped.app/web-app/vendor/laravel/framework/src/Illuminate/Bus/Dispatcher.php(94): Illuminate\\Container\\Container->call()
#12 /var/www/kaped.app/web-app/vendor/laravel/framework/src/Illuminate/Pipeline/Pipeline.php(128): Illuminate\\Bus\\Dispatcher->Illuminate\\Bus\\{closure}()
#13 /var/www/kaped.app/web-app/vendor/laravel/framework/src/Illuminate/Pipeline/Pipeline.php(103): Illuminate\\Pipeline\\Pipeline->Illuminate\\Pipeline\\{closure}()
#14 /var/www/kaped.app/web-app/vendor/laravel/framework/src/Illuminate/Bus/Dispatcher.php(98): Illuminate\\Pipeline\\Pipeline->then()
#15 /var/www/kaped.app/web-app/vendor/laravel/framework/src/Illuminate/Queue/CallQueuedHandler.php(83): Illuminate\\Bus\\Dispatcher->dispatchNow()
#16 /var/www/kaped.app/web-app/vendor/laravel/framework/src/Illuminate/Pipeline/Pipeline.php(128): Illuminate\\Queue\\CallQueuedHandler->Illuminate\\Queue\\{closure}()
#17 /var/www/kaped.app/web-app/vendor/laravel/framework/src/Illuminate/Pipeline/Pipeline.php(103): Illuminate\\Pipeline\\Pipeline->Illuminate\\Pipeline\\{closure}()
#18 /var/www/kaped.app/web-app/vendor/laravel/framework/src/Illuminate/Queue/CallQueuedHandler.php(85): Illuminate\\Pipeline\\Pipeline->then()
#19 /var/www/kaped.app/web-app/vendor/laravel/framework/src/Illuminate/Queue/CallQueuedHandler.php(59): Illuminate\\Queue\\CallQueuedHandler->dispatchThroughMiddleware()
#20 /var/www/kaped.app/web-app/vendor/laravel/framework/src/Illuminate/Queue/Jobs/Job.php(98): Illuminate\\Queue\\CallQueuedHandler->call()
#21 /var/www/kaped.app/web-app/vendor/laravel/framework/src/Illuminate/Queue/Worker.php(356): Illuminate\\Queue\\Jobs\\Job->fire()
#22 /var/www/kaped.app/web-app/vendor/laravel/framework/src/Illuminate/Queue/Worker.php(306): Illuminate\\Queue\\Worker->process()
#23 /var/www/kaped.app/web-app/vendor/laravel/framework/src/Illuminate/Queue/Worker.php(132): Illuminate\\Queue\\Worker->runJob()
#24 /var/www/kaped.app/web-app/vendor/laravel/framework/src/Illuminate/Queue/Console/WorkCommand.php(112): Illuminate\\Queue\\Worker->daemon()
#25 /var/www/kaped.app/web-app/vendor/laravel/framework/src/Illuminate/Queue/Console/WorkCommand.php(96): Illuminate\\Queue\\Console\\WorkCommand->runWorker()
#26 /var/www/kaped.app/web-app/vendor/laravel/framework/src/Illuminate/Container/BoundMethod.php(36): Illuminate\\Queue\\Console\\WorkCommand->handle()
#27 /var/www/kaped.app/web-app/vendor/laravel/framework/src/Illuminate/Container/Util.php(37): Illuminate\\Container\\BoundMethod::Illuminate\\Container\\{closure}()
#28 /var/www/kaped.app/web-app/vendor/laravel/framework/src/Illuminate/Container/BoundMethod.php(93): Illuminate\\Container\\Util::unwrapIfClosure()
#29 /var/www/kaped.app/web-app/vendor/laravel/framework/src/Illuminate/Container/BoundMethod.php(37): Illuminate\\Container\\BoundMethod::callBoundMethod()
#30 /var/www/kaped.app/web-app/vendor/laravel/framework/src/Illuminate/Container/Container.php(596): Illuminate\\Container\\BoundMethod::call()
#31 /var/www/kaped.app/web-app/vendor/laravel/framework/src/Illuminate/Console/Command.php(134): Illuminate\\Container\\Container->call()
#32 /var/www/kaped.app/web-app/vendor/symfony/console/Command/Command.php(288): Illuminate\\Console\\Command->execute()
#33 /var/www/kaped.app/web-app/vendor/laravel/framework/src/Illuminate/Console/Command.php(121): Symfony\\Component\\Console\\Command\\Command->run()
#34 /var/www/kaped.app/web-app/vendor/symfony/console/Application.php(974): Illuminate\\Console\\Command->run()
#35 /var/www/kaped.app/web-app/vendor/symfony/console/Application.php(291): Symfony\\Component\\Console\\Application->doRunCommand()
#36 /var/www/kaped.app/web-app/vendor/symfony/console/Application.php(167): Symfony\\Component\\Console\\Application->doRun()
#37 /var/www/kaped.app/web-app/vendor/laravel/framework/src/Illuminate/Console/Application.php(93): Symfony\\Component\\Console\\Application->run()
#38 /var/www/kaped.app/web-app/vendor/laravel/framework/src/Illuminate/Foundation/Console/Kernel.php(129): Illuminate\\Console\\Application->run()
#39 /var/www/kaped.app/web-app/artisan(37): Illuminate\\Foundation\\Console\\Kernel->handle()
#40 {main}
"} 
[2022-06-09 13:33:41] local.ERROR: ZipArchive::close(): Renaming temporary file failed: No such file or directory {"exception":"[object] (ErrorException(code: 0): ZipArchive::close(): Renaming temporary file failed: No such file or directory at /var/www/kaped.app/web-app/vendor/spatie/laravel-backup/src/Tasks/Backup/Zip.php:89)
[stacktrace]
#0 [internal function]: Illuminate\\Foundation\\Bootstrap\\HandleExceptions->handleError()
#1 /var/www/kaped.app/web-app/vendor/spatie/laravel-backup/src/Tasks/Backup/Zip.php(89): ZipArchive->close()
#2 /var/www/kaped.app/web-app/vendor/spatie/laravel-backup/src/Tasks/Backup/Zip.php(30): Spatie\\Backup\\Tasks\\Backup\\Zip->close()
#3 /var/www/kaped.app/web-app/vendor/spatie/laravel-backup/src/Tasks/Backup/BackupJob.php(213): Spatie\\Backup\\Tasks\\Backup\\Zip::createForManifest()
#4 /var/www/kaped.app/web-app/vendor/spatie/laravel-backup/src/Tasks/Backup/BackupJob.php(153): Spatie\\Backup\\Tasks\\Backup\\BackupJob->createZipContainingEveryFileInManifest()
#5 /var/www/kaped.app/web-app/vendor/pavel-mironchik/laravel-backup-panel/src/Jobs/CreateBackupJob.php(40): Spatie\\Backup\\Tasks\\Backup\\BackupJob->run()
#6 /var/www/kaped.app/web-app/vendor/laravel/framework/src/Illuminate/Container/BoundMethod.php(36): PavelMironchik\\LaravelBackupPanel\\Jobs\\CreateBackupJob->handle()
#7 /var/www/kaped.app/web-app/vendor/laravel/framework/src/Illuminate/Container/Util.php(37): Illuminate\\Container\\BoundMethod::Illuminate\\Container\\{closure}()
#8 /var/www/kaped.app/web-app/vendor/laravel/framework/src/Illuminate/Container/BoundMethod.php(93): Illuminate\\Container\\Util::unwrapIfClosure()
#9 /var/www/kaped.app/web-app/vendor/laravel/framework/src/Illuminate/Container/BoundMethod.php(37): Illuminate\\Container\\BoundMethod::callBoundMethod()
#10 /var/www/kaped.app/web-app/vendor/laravel/framework/src/Illuminate/Container/Container.php(596): Illuminate\\Container\\BoundMethod::call()
#11 /var/www/kaped.app/web-app/vendor/laravel/framework/src/Illuminate/Bus/Dispatcher.php(94): Illuminate\\Container\\Container->call()
#12 /var/www/kaped.app/web-app/vendor/laravel/framework/src/Illuminate/Pipeline/Pipeline.php(128): Illuminate\\Bus\\Dispatcher->Illuminate\\Bus\\{closure}()
#13 /var/www/kaped.app/web-app/vendor/laravel/framework/src/Illuminate/Pipeline/Pipeline.php(103): Illuminate\\Pipeline\\Pipeline->Illuminate\\Pipeline\\{closure}()
#14 /var/www/kaped.app/web-app/vendor/laravel/framework/src/Illuminate/Bus/Dispatcher.php(98): Illuminate\\Pipeline\\Pipeline->then()
#15 /var/www/kaped.app/web-app/vendor/laravel/framework/src/Illuminate/Queue/CallQueuedHandler.php(83): Illuminate\\Bus\\Dispatcher->dispatchNow()
#16 /var/www/kaped.app/web-app/vendor/laravel/framework/src/Illuminate/Pipeline/Pipeline.php(128): Illuminate\\Queue\\CallQueuedHandler->Illuminate\\Queue\\{closure}()
#17 /var/www/kaped.app/web-app/vendor/laravel/framework/src/Illuminate/Pipeline/Pipeline.php(103): Illuminate\\Pipeline\\Pipeline->Illuminate\\Pipeline\\{closure}()
#18 /var/www/kaped.app/web-app/vendor/laravel/framework/src/Illuminate/Queue/CallQueuedHandler.php(85): Illuminate\\Pipeline\\Pipeline->then()
#19 /var/www/kaped.app/web-app/vendor/laravel/framework/src/Illuminate/Queue/CallQueuedHandler.php(59): Illuminate\\Queue\\CallQueuedHandler->dispatchThroughMiddleware()
#20 /var/www/kaped.app/web-app/vendor/laravel/framework/src/Illuminate/Queue/Jobs/Job.php(98): Illuminate\\Queue\\CallQueuedHandler->call()
#21 /var/www/kaped.app/web-app/vendor/laravel/framework/src/Illuminate/Queue/Worker.php(356): Illuminate\\Queue\\Jobs\\Job->fire()
#22 /var/www/kaped.app/web-app/vendor/laravel/framework/src/Illuminate/Queue/Worker.php(306): Illuminate\\Queue\\Worker->process()
#23 /var/www/kaped.app/web-app/vendor/laravel/framework/src/Illuminate/Queue/Worker.php(132): Illuminate\\Queue\\Worker->runJob()
#24 /var/www/kaped.app/web-app/vendor/laravel/framework/src/Illuminate/Queue/Console/WorkCommand.php(112): Illuminate\\Queue\\Worker->daemon()
#25 /var/www/kaped.app/web-app/vendor/laravel/framework/src/Illuminate/Queue/Console/WorkCommand.php(96): Illuminate\\Queue\\Console\\WorkCommand->runWorker()
#26 /var/www/kaped.app/web-app/vendor/laravel/framework/src/Illuminate/Container/BoundMethod.php(36): Illuminate\\Queue\\Console\\WorkCommand->handle()
#27 /var/www/kaped.app/web-app/vendor/laravel/framework/src/Illuminate/Container/Util.php(37): Illuminate\\Container\\BoundMethod::Illuminate\\Container\\{closure}()
#28 /var/www/kaped.app/web-app/vendor/laravel/framework/src/Illuminate/Container/BoundMethod.php(93): Illuminate\\Container\\Util::unwrapIfClosure()
#29 /var/www/kaped.app/web-app/vendor/laravel/framework/src/Illuminate/Container/BoundMethod.php(37): Illuminate\\Container\\BoundMethod::callBoundMethod()
#30 /var/www/kaped.app/web-app/vendor/laravel/framework/src/Illuminate/Container/Container.php(596): Illuminate\\Container\\BoundMethod::call()
#31 /var/www/kaped.app/web-app/vendor/laravel/framework/src/Illuminate/Console/Command.php(134): Illuminate\\Container\\Container->call()
#32 /var/www/kaped.app/web-app/vendor/symfony/console/Command/Command.php(288): Illuminate\\Console\\Command->execute()
#33 /var/www/kaped.app/web-app/vendor/laravel/framework/src/Illuminate/Console/Command.php(121): Symfony\\Component\\Console\\Command\\Command->run()
#34 /var/www/kaped.app/web-app/vendor/symfony/console/Application.php(974): Illuminate\\Console\\Command->run()
#35 /var/www/kaped.app/web-app/vendor/symfony/console/Application.php(291): Symfony\\Component\\Console\\Application->doRunCommand()
#36 /var/www/kaped.app/web-app/vendor/symfony/console/Application.php(167): Symfony\\Component\\Console\\Application->doRun()
#37 /var/www/kaped.app/web-app/vendor/laravel/framework/src/Illuminate/Console/Application.php(93): Symfony\\Component\\Console\\Application->run()
#38 /var/www/kaped.app/web-app/vendor/laravel/framework/src/Illuminate/Foundation/Console/Kernel.php(129): Illuminate\\Console\\Application->run()
#39 /var/www/kaped.app/web-app/artisan(37): Illuminate\\Foundation\\Console\\Kernel->handle()
#40 {main}
"} 
[2022-06-09 13:34:03] local.ERROR: ZipArchive::close(): Renaming temporary file failed: No such file or directory {"exception":"[object] (ErrorException(code: 0): ZipArchive::close(): Renaming temporary file failed: No such file or directory at /var/www/kaped.app/web-app/vendor/spatie/laravel-backup/src/Tasks/Backup/Zip.php:89)
[stacktrace]
#0 [internal function]: Illuminate\\Foundation\\Bootstrap\\HandleExceptions->handleError()
#1 /var/www/kaped.app/web-app/vendor/spatie/laravel-backup/src/Tasks/Backup/Zip.php(89): ZipArchive->close()
#2 /var/www/kaped.app/web-app/vendor/spatie/laravel-backup/src/Tasks/Backup/Zip.php(30): Spatie\\Backup\\Tasks\\Backup\\Zip->close()
#3 /var/www/kaped.app/web-app/vendor/spatie/laravel-backup/src/Tasks/Backup/BackupJob.php(213): Spatie\\Backup\\Tasks\\Backup\\Zip::createForManifest()
#4 /var/www/kaped.app/web-app/vendor/spatie/laravel-backup/src/Tasks/Backup/BackupJob.php(153): Spatie\\Backup\\Tasks\\Backup\\BackupJob->createZipContainingEveryFileInManifest()
#5 /var/www/kaped.app/web-app/vendor/pavel-mironchik/laravel-backup-panel/src/Jobs/CreateBackupJob.php(40): Spatie\\Backup\\Tasks\\Backup\\BackupJob->run()
#6 /var/www/kaped.app/web-app/vendor/laravel/framework/src/Illuminate/Container/BoundMethod.php(36): PavelMironchik\\LaravelBackupPanel\\Jobs\\CreateBackupJob->handle()
#7 /var/www/kaped.app/web-app/vendor/laravel/framework/src/Illuminate/Container/Util.php(37): Illuminate\\Container\\BoundMethod::Illuminate\\Container\\{closure}()
#8 /var/www/kaped.app/web-app/vendor/laravel/framework/src/Illuminate/Container/BoundMethod.php(93): Illuminate\\Container\\Util::unwrapIfClosure()
#9 /var/www/kaped.app/web-app/vendor/laravel/framework/src/Illuminate/Container/BoundMethod.php(37): Illuminate\\Container\\BoundMethod::callBoundMethod()
#10 /var/www/kaped.app/web-app/vendor/laravel/framework/src/Illuminate/Container/Container.php(596): Illuminate\\Container\\BoundMethod::call()
#11 /var/www/kaped.app/web-app/vendor/laravel/framework/src/Illuminate/Bus/Dispatcher.php(94): Illuminate\\Container\\Container->call()
#12 /var/www/kaped.app/web-app/vendor/laravel/framework/src/Illuminate/Pipeline/Pipeline.php(128): Illuminate\\Bus\\Dispatcher->Illuminate\\Bus\\{closure}()
#13 /var/www/kaped.app/web-app/vendor/laravel/framework/src/Illuminate/Pipeline/Pipeline.php(103): Illuminate\\Pipeline\\Pipeline->Illuminate\\Pipeline\\{closure}()
#14 /var/www/kaped.app/web-app/vendor/laravel/framework/src/Illuminate/Bus/Dispatcher.php(98): Illuminate\\Pipeline\\Pipeline->then()
#15 /var/www/kaped.app/web-app/vendor/laravel/framework/src/Illuminate/Queue/CallQueuedHandler.php(83): Illuminate\\Bus\\Dispatcher->dispatchNow()
#16 /var/www/kaped.app/web-app/vendor/laravel/framework/src/Illuminate/Pipeline/Pipeline.php(128): Illuminate\\Queue\\CallQueuedHandler->Illuminate\\Queue\\{closure}()
#17 /var/www/kaped.app/web-app/vendor/laravel/framework/src/Illuminate/Pipeline/Pipeline.php(103): Illuminate\\Pipeline\\Pipeline->Illuminate\\Pipeline\\{closure}()
#18 /var/www/kaped.app/web-app/vendor/laravel/framework/src/Illuminate/Queue/CallQueuedHandler.php(85): Illuminate\\Pipeline\\Pipeline->then()
#19 /var/www/kaped.app/web-app/vendor/laravel/framework/src/Illuminate/Queue/CallQueuedHandler.php(59): Illuminate\\Queue\\CallQueuedHandler->dispatchThroughMiddleware()
#20 /var/www/kaped.app/web-app/vendor/laravel/framework/src/Illuminate/Queue/Jobs/Job.php(98): Illuminate\\Queue\\CallQueuedHandler->call()
#21 /var/www/kaped.app/web-app/vendor/laravel/framework/src/Illuminate/Queue/Worker.php(356): Illuminate\\Queue\\Jobs\\Job->fire()
#22 /var/www/kaped.app/web-app/vendor/laravel/framework/src/Illuminate/Queue/Worker.php(306): Illuminate\\Queue\\Worker->process()
#23 /var/www/kaped.app/web-app/vendor/laravel/framework/src/Illuminate/Queue/Worker.php(132): Illuminate\\Queue\\Worker->runJob()
#24 /var/www/kaped.app/web-app/vendor/laravel/framework/src/Illuminate/Queue/Console/WorkCommand.php(112): Illuminate\\Queue\\Worker->daemon()
#25 /var/www/kaped.app/web-app/vendor/laravel/framework/src/Illuminate/Queue/Console/WorkCommand.php(96): Illuminate\\Queue\\Console\\WorkCommand->runWorker()
#26 /var/www/kaped.app/web-app/vendor/laravel/framework/src/Illuminate/Container/BoundMethod.php(36): Illuminate\\Queue\\Console\\WorkCommand->handle()
#27 /var/www/kaped.app/web-app/vendor/laravel/framework/src/Illuminate/Container/Util.php(37): Illuminate\\Container\\BoundMethod::Illuminate\\Container\\{closure}()
#28 /var/www/kaped.app/web-app/vendor/laravel/framework/src/Illuminate/Container/BoundMethod.php(93): Illuminate\\Container\\Util::unwrapIfClosure()
#29 /var/www/kaped.app/web-app/vendor/laravel/framework/src/Illuminate/Container/BoundMethod.php(37): Illuminate\\Container\\BoundMethod::callBoundMethod()
#30 /var/www/kaped.app/web-app/vendor/laravel/framework/src/Illuminate/Container/Container.php(596): Illuminate\\Container\\BoundMethod::call()
#31 /var/www/kaped.app/web-app/vendor/laravel/framework/src/Illuminate/Console/Command.php(134): Illuminate\\Container\\Container->call()
#32 /var/www/kaped.app/web-app/vendor/symfony/console/Command/Command.php(288): Illuminate\\Console\\Command->execute()
#33 /var/www/kaped.app/web-app/vendor/laravel/framework/src/Illuminate/Console/Command.php(121): Symfony\\Component\\Console\\Command\\Command->run()
#34 /var/www/kaped.app/web-app/vendor/symfony/console/Application.php(974): Illuminate\\Console\\Command->run()
#35 /var/www/kaped.app/web-app/vendor/symfony/console/Application.php(291): Symfony\\Component\\Console\\Application->doRunCommand()
#36 /var/www/kaped.app/web-app/vendor/symfony/console/Application.php(167): Symfony\\Component\\Console\\Application->doRun()
#37 /var/www/kaped.app/web-app/vendor/laravel/framework/src/Illuminate/Console/Application.php(93): Symfony\\Component\\Console\\Application->run()
#38 /var/www/kaped.app/web-app/vendor/laravel/framework/src/Illuminate/Foundation/Console/Kernel.php(129): Illuminate\\Console\\Application->run()
#39 /var/www/kaped.app/web-app/artisan(37): Illuminate\\Foundation\\Console\\Kernel->handle()
#40 {main}
"} 
[2022-06-09 13:34:18] local.ERROR: ZipArchive::close(): Renaming temporary file failed: No such file or directory {"exception":"[object] (ErrorException(code: 0): ZipArchive::close(): Renaming temporary file failed: No such file or directory at /var/www/kaped.app/web-app/vendor/spatie/laravel-backup/src/Tasks/Backup/Zip.php:89)
[stacktrace]
#0 [internal function]: Illuminate\\Foundation\\Bootstrap\\HandleExceptions->handleError()
#1 /var/www/kaped.app/web-app/vendor/spatie/laravel-backup/src/Tasks/Backup/Zip.php(89): ZipArchive->close()
#2 /var/www/kaped.app/web-app/vendor/spatie/laravel-backup/src/Tasks/Backup/Zip.php(30): Spatie\\Backup\\Tasks\\Backup\\Zip->close()
#3 /var/www/kaped.app/web-app/vendor/spatie/laravel-backup/src/Tasks/Backup/BackupJob.php(213): Spatie\\Backup\\Tasks\\Backup\\Zip::createForManifest()
#4 /var/www/kaped.app/web-app/vendor/spatie/laravel-backup/src/Tasks/Backup/BackupJob.php(153): Spatie\\Backup\\Tasks\\Backup\\BackupJob->createZipContainingEveryFileInManifest()
#5 /var/www/kaped.app/web-app/vendor/pavel-mironchik/laravel-backup-panel/src/Jobs/CreateBackupJob.php(40): Spatie\\Backup\\Tasks\\Backup\\BackupJob->run()
#6 /var/www/kaped.app/web-app/vendor/laravel/framework/src/Illuminate/Container/BoundMethod.php(36): PavelMironchik\\LaravelBackupPanel\\Jobs\\CreateBackupJob->handle()
#7 /var/www/kaped.app/web-app/vendor/laravel/framework/src/Illuminate/Container/Util.php(37): Illuminate\\Container\\BoundMethod::Illuminate\\Container\\{closure}()
#8 /var/www/kaped.app/web-app/vendor/laravel/framework/src/Illuminate/Container/BoundMethod.php(93): Illuminate\\Container\\Util::unwrapIfClosure()
#9 /var/www/kaped.app/web-app/vendor/laravel/framework/src/Illuminate/Container/BoundMethod.php(37): Illuminate\\Container\\BoundMethod::callBoundMethod()
#10 /var/www/kaped.app/web-app/vendor/laravel/framework/src/Illuminate/Container/Container.php(596): Illuminate\\Container\\BoundMethod::call()
#11 /var/www/kaped.app/web-app/vendor/laravel/framework/src/Illuminate/Bus/Dispatcher.php(94): Illuminate\\Container\\Container->call()
#12 /var/www/kaped.app/web-app/vendor/laravel/framework/src/Illuminate/Pipeline/Pipeline.php(128): Illuminate\\Bus\\Dispatcher->Illuminate\\Bus\\{closure}()
#13 /var/www/kaped.app/web-app/vendor/laravel/framework/src/Illuminate/Pipeline/Pipeline.php(103): Illuminate\\Pipeline\\Pipeline->Illuminate\\Pipeline\\{closure}()
#14 /var/www/kaped.app/web-app/vendor/laravel/framework/src/Illuminate/Bus/Dispatcher.php(98): Illuminate\\Pipeline\\Pipeline->then()
#15 /var/www/kaped.app/web-app/vendor/laravel/framework/src/Illuminate/Queue/CallQueuedHandler.php(83): Illuminate\\Bus\\Dispatcher->dispatchNow()
#16 /var/www/kaped.app/web-app/vendor/laravel/framework/src/Illuminate/Pipeline/Pipeline.php(128): Illuminate\\Queue\\CallQueuedHandler->Illuminate\\Queue\\{closure}()
#17 /var/www/kaped.app/web-app/vendor/laravel/framework/src/Illuminate/Pipeline/Pipeline.php(103): Illuminate\\Pipeline\\Pipeline->Illuminate\\Pipeline\\{closure}()
#18 /var/www/kaped.app/web-app/vendor/laravel/framework/src/Illuminate/Queue/CallQueuedHandler.php(85): Illuminate\\Pipeline\\Pipeline->then()
#19 /var/www/kaped.app/web-app/vendor/laravel/framework/src/Illuminate/Queue/CallQueuedHandler.php(59): Illuminate\\Queue\\CallQueuedHandler->dispatchThroughMiddleware()
#20 /var/www/kaped.app/web-app/vendor/laravel/framework/src/Illuminate/Queue/Jobs/Job.php(98): Illuminate\\Queue\\CallQueuedHandler->call()
#21 /var/www/kaped.app/web-app/vendor/laravel/framework/src/Illuminate/Queue/Worker.php(356): Illuminate\\Queue\\Jobs\\Job->fire()
#22 /var/www/kaped.app/web-app/vendor/laravel/framework/src/Illuminate/Queue/Worker.php(306): Illuminate\\Queue\\Worker->process()
#23 /var/www/kaped.app/web-app/vendor/laravel/framework/src/Illuminate/Queue/Worker.php(132): Illuminate\\Queue\\Worker->runJob()
#24 /var/www/kaped.app/web-app/vendor/laravel/framework/src/Illuminate/Queue/Console/WorkCommand.php(112): Illuminate\\Queue\\Worker->daemon()
#25 /var/www/kaped.app/web-app/vendor/laravel/framework/src/Illuminate/Queue/Console/WorkCommand.php(96): Illuminate\\Queue\\Console\\WorkCommand->runWorker()
#26 /var/www/kaped.app/web-app/vendor/laravel/framework/src/Illuminate/Container/BoundMethod.php(36): Illuminate\\Queue\\Console\\WorkCommand->handle()
#27 /var/www/kaped.app/web-app/vendor/laravel/framework/src/Illuminate/Container/Util.php(37): Illuminate\\Container\\BoundMethod::Illuminate\\Container\\{closure}()
#28 /var/www/kaped.app/web-app/vendor/laravel/framework/src/Illuminate/Container/BoundMethod.php(93): Illuminate\\Container\\Util::unwrapIfClosure()
#29 /var/www/kaped.app/web-app/vendor/laravel/framework/src/Illuminate/Container/BoundMethod.php(37): Illuminate\\Container\\BoundMethod::callBoundMethod()
#30 /var/www/kaped.app/web-app/vendor/laravel/framework/src/Illuminate/Container/Container.php(596): Illuminate\\Container\\BoundMethod::call()
#31 /var/www/kaped.app/web-app/vendor/laravel/framework/src/Illuminate/Console/Command.php(134): Illuminate\\Container\\Container->call()
#32 /var/www/kaped.app/web-app/vendor/symfony/console/Command/Command.php(288): Illuminate\\Console\\Command->execute()
#33 /var/www/kaped.app/web-app/vendor/laravel/framework/src/Illuminate/Console/Command.php(121): Symfony\\Component\\Console\\Command\\Command->run()
#34 /var/www/kaped.app/web-app/vendor/symfony/console/Application.php(974): Illuminate\\Console\\Command->run()
#35 /var/www/kaped.app/web-app/vendor/symfony/console/Application.php(291): Symfony\\Component\\Console\\Application->doRunCommand()
#36 /var/www/kaped.app/web-app/vendor/symfony/console/Application.php(167): Symfony\\Component\\Console\\Application->doRun()
#37 /var/www/kaped.app/web-app/vendor/laravel/framework/src/Illuminate/Console/Application.php(93): Symfony\\Component\\Console\\Application->run()
#38 /var/www/kaped.app/web-app/vendor/laravel/framework/src/Illuminate/Foundation/Console/Kernel.php(129): Illuminate\\Console\\Application->run()
#39 /var/www/kaped.app/web-app/artisan(37): Illuminate\\Foundation\\Console\\Kernel->handle()
#40 {main}
"} 
[2022-06-09 13:34:40] local.ERROR: ZipArchive::close(): Renaming temporary file failed: No such file or directory {"exception":"[object] (ErrorException(code: 0): ZipArchive::close(): Renaming temporary file failed: No such file or directory at /var/www/kaped.app/web-app/vendor/spatie/laravel-backup/src/Tasks/Backup/Zip.php:89)
[stacktrace]
#0 [internal function]: Illuminate\\Foundation\\Bootstrap\\HandleExceptions->handleError()
#1 /var/www/kaped.app/web-app/vendor/spatie/laravel-backup/src/Tasks/Backup/Zip.php(89): ZipArchive->close()
#2 /var/www/kaped.app/web-app/vendor/spatie/laravel-backup/src/Tasks/Backup/Zip.php(30): Spatie\\Backup\\Tasks\\Backup\\Zip->close()
#3 /var/www/kaped.app/web-app/vendor/spatie/laravel-backup/src/Tasks/Backup/BackupJob.php(213): Spatie\\Backup\\Tasks\\Backup\\Zip::createForManifest()
#4 /var/www/kaped.app/web-app/vendor/spatie/laravel-backup/src/Tasks/Backup/BackupJob.php(153): Spatie\\Backup\\Tasks\\Backup\\BackupJob->createZipContainingEveryFileInManifest()
#5 /var/www/kaped.app/web-app/vendor/pavel-mironchik/laravel-backup-panel/src/Jobs/CreateBackupJob.php(40): Spatie\\Backup\\Tasks\\Backup\\BackupJob->run()
#6 /var/www/kaped.app/web-app/vendor/laravel/framework/src/Illuminate/Container/BoundMethod.php(36): PavelMironchik\\LaravelBackupPanel\\Jobs\\CreateBackupJob->handle()
#7 /var/www/kaped.app/web-app/vendor/laravel/framework/src/Illuminate/Container/Util.php(37): Illuminate\\Container\\BoundMethod::Illuminate\\Container\\{closure}()
#8 /var/www/kaped.app/web-app/vendor/laravel/framework/src/Illuminate/Container/BoundMethod.php(93): Illuminate\\Container\\Util::unwrapIfClosure()
#9 /var/www/kaped.app/web-app/vendor/laravel/framework/src/Illuminate/Container/BoundMethod.php(37): Illuminate\\Container\\BoundMethod::callBoundMethod()
#10 /var/www/kaped.app/web-app/vendor/laravel/framework/src/Illuminate/Container/Container.php(596): Illuminate\\Container\\BoundMethod::call()
#11 /var/www/kaped.app/web-app/vendor/laravel/framework/src/Illuminate/Bus/Dispatcher.php(94): Illuminate\\Container\\Container->call()
#12 /var/www/kaped.app/web-app/vendor/laravel/framework/src/Illuminate/Pipeline/Pipeline.php(128): Illuminate\\Bus\\Dispatcher->Illuminate\\Bus\\{closure}()
#13 /var/www/kaped.app/web-app/vendor/laravel/framework/src/Illuminate/Pipeline/Pipeline.php(103): Illuminate\\Pipeline\\Pipeline->Illuminate\\Pipeline\\{closure}()
#14 /var/www/kaped.app/web-app/vendor/laravel/framework/src/Illuminate/Bus/Dispatcher.php(98): Illuminate\\Pipeline\\Pipeline->then()
#15 /var/www/kaped.app/web-app/vendor/laravel/framework/src/Illuminate/Queue/CallQueuedHandler.php(83): Illuminate\\Bus\\Dispatcher->dispatchNow()
#16 /var/www/kaped.app/web-app/vendor/laravel/framework/src/Illuminate/Pipeline/Pipeline.php(128): Illuminate\\Queue\\CallQueuedHandler->Illuminate\\Queue\\{closure}()
#17 /var/www/kaped.app/web-app/vendor/laravel/framework/src/Illuminate/Pipeline/Pipeline.php(103): Illuminate\\Pipeline\\Pipeline->Illuminate\\Pipeline\\{closure}()
#18 /var/www/kaped.app/web-app/vendor/laravel/framework/src/Illuminate/Queue/CallQueuedHandler.php(85): Illuminate\\Pipeline\\Pipeline->then()
#19 /var/www/kaped.app/web-app/vendor/laravel/framework/src/Illuminate/Queue/CallQueuedHandler.php(59): Illuminate\\Queue\\CallQueuedHandler->dispatchThroughMiddleware()
#20 /var/www/kaped.app/web-app/vendor/laravel/framework/src/Illuminate/Queue/Jobs/Job.php(98): Illuminate\\Queue\\CallQueuedHandler->call()
#21 /var/www/kaped.app/web-app/vendor/laravel/framework/src/Illuminate/Queue/Worker.php(356): Illuminate\\Queue\\Jobs\\Job->fire()
#22 /var/www/kaped.app/web-app/vendor/laravel/framework/src/Illuminate/Queue/Worker.php(306): Illuminate\\Queue\\Worker->process()
#23 /var/www/kaped.app/web-app/vendor/laravel/framework/src/Illuminate/Queue/Worker.php(132): Illuminate\\Queue\\Worker->runJob()
#24 /var/www/kaped.app/web-app/vendor/laravel/framework/src/Illuminate/Queue/Console/WorkCommand.php(112): Illuminate\\Queue\\Worker->daemon()
#25 /var/www/kaped.app/web-app/vendor/laravel/framework/src/Illuminate/Queue/Console/WorkCommand.php(96): Illuminate\\Queue\\Console\\WorkCommand->runWorker()
#26 /var/www/kaped.app/web-app/vendor/laravel/framework/src/Illuminate/Container/BoundMethod.php(36): Illuminate\\Queue\\Console\\WorkCommand->handle()
#27 /var/www/kaped.app/web-app/vendor/laravel/framework/src/Illuminate/Container/Util.php(37): Illuminate\\Container\\BoundMethod::Illuminate\\Container\\{closure}()
#28 /var/www/kaped.app/web-app/vendor/laravel/framework/src/Illuminate/Container/BoundMethod.php(93): Illuminate\\Container\\Util::unwrapIfClosure()
#29 /var/www/kaped.app/web-app/vendor/laravel/framework/src/Illuminate/Container/BoundMethod.php(37): Illuminate\\Container\\BoundMethod::callBoundMethod()
#30 /var/www/kaped.app/web-app/vendor/laravel/framework/src/Illuminate/Container/Container.php(596): Illuminate\\Container\\BoundMethod::call()
#31 /var/www/kaped.app/web-app/vendor/laravel/framework/src/Illuminate/Console/Command.php(134): Illuminate\\Container\\Container->call()
#32 /var/www/kaped.app/web-app/vendor/symfony/console/Command/Command.php(288): Illuminate\\Console\\Command->execute()
#33 /var/www/kaped.app/web-app/vendor/laravel/framework/src/Illuminate/Console/Command.php(121): Symfony\\Component\\Console\\Command\\Command->run()
#34 /var/www/kaped.app/web-app/vendor/symfony/console/Application.php(974): Illuminate\\Console\\Command->run()
#35 /var/www/kaped.app/web-app/vendor/symfony/console/Application.php(291): Symfony\\Component\\Console\\Application->doRunCommand()
#36 /var/www/kaped.app/web-app/vendor/symfony/console/Application.php(167): Symfony\\Component\\Console\\Application->doRun()
#37 /var/www/kaped.app/web-app/vendor/laravel/framework/src/Illuminate/Console/Application.php(93): Symfony\\Component\\Console\\Application->run()
#38 /var/www/kaped.app/web-app/vendor/laravel/framework/src/Illuminate/Foundation/Console/Kernel.php(129): Illuminate\\Console\\Application->run()
#39 /var/www/kaped.app/web-app/artisan(37): Illuminate\\Foundation\\Console\\Kernel->handle()
#40 {main}
"} 
[2022-06-09 13:34:47] local.ERROR: ZipArchive::close(): Renaming temporary file failed: No such file or directory {"exception":"[object] (ErrorException(code: 0): ZipArchive::close(): Renaming temporary file failed: No such file or directory at /var/www/kaped.app/web-app/vendor/spatie/laravel-backup/src/Tasks/Backup/Zip.php:89)
[stacktrace]
#0 [internal function]: Illuminate\\Foundation\\Bootstrap\\HandleExceptions->handleError()
#1 /var/www/kaped.app/web-app/vendor/spatie/laravel-backup/src/Tasks/Backup/Zip.php(89): ZipArchive->close()
#2 /var/www/kaped.app/web-app/vendor/spatie/laravel-backup/src/Tasks/Backup/Zip.php(30): Spatie\\Backup\\Tasks\\Backup\\Zip->close()
#3 /var/www/kaped.app/web-app/vendor/spatie/laravel-backup/src/Tasks/Backup/BackupJob.php(213): Spatie\\Backup\\Tasks\\Backup\\Zip::createForManifest()
#4 /var/www/kaped.app/web-app/vendor/spatie/laravel-backup/src/Tasks/Backup/BackupJob.php(153): Spatie\\Backup\\Tasks\\Backup\\BackupJob->createZipContainingEveryFileInManifest()
#5 /var/www/kaped.app/web-app/vendor/pavel-mironchik/laravel-backup-panel/src/Jobs/CreateBackupJob.php(40): Spatie\\Backup\\Tasks\\Backup\\BackupJob->run()
#6 /var/www/kaped.app/web-app/vendor/laravel/framework/src/Illuminate/Container/BoundMethod.php(36): PavelMironchik\\LaravelBackupPanel\\Jobs\\CreateBackupJob->handle()
#7 /var/www/kaped.app/web-app/vendor/laravel/framework/src/Illuminate/Container/Util.php(37): Illuminate\\Container\\BoundMethod::Illuminate\\Container\\{closure}()
#8 /var/www/kaped.app/web-app/vendor/laravel/framework/src/Illuminate/Container/BoundMethod.php(93): Illuminate\\Container\\Util::unwrapIfClosure()
#9 /var/www/kaped.app/web-app/vendor/laravel/framework/src/Illuminate/Container/BoundMethod.php(37): Illuminate\\Container\\BoundMethod::callBoundMethod()
#10 /var/www/kaped.app/web-app/vendor/laravel/framework/src/Illuminate/Container/Container.php(596): Illuminate\\Container\\BoundMethod::call()
#11 /var/www/kaped.app/web-app/vendor/laravel/framework/src/Illuminate/Bus/Dispatcher.php(94): Illuminate\\Container\\Container->call()
#12 /var/www/kaped.app/web-app/vendor/laravel/framework/src/Illuminate/Pipeline/Pipeline.php(128): Illuminate\\Bus\\Dispatcher->Illuminate\\Bus\\{closure}()
#13 /var/www/kaped.app/web-app/vendor/laravel/framework/src/Illuminate/Pipeline/Pipeline.php(103): Illuminate\\Pipeline\\Pipeline->Illuminate\\Pipeline\\{closure}()
#14 /var/www/kaped.app/web-app/vendor/laravel/framework/src/Illuminate/Bus/Dispatcher.php(98): Illuminate\\Pipeline\\Pipeline->then()
#15 /var/www/kaped.app/web-app/vendor/laravel/framework/src/Illuminate/Queue/CallQueuedHandler.php(83): Illuminate\\Bus\\Dispatcher->dispatchNow()
#16 /var/www/kaped.app/web-app/vendor/laravel/framework/src/Illuminate/Pipeline/Pipeline.php(128): Illuminate\\Queue\\CallQueuedHandler->Illuminate\\Queue\\{closure}()
#17 /var/www/kaped.app/web-app/vendor/laravel/framework/src/Illuminate/Pipeline/Pipeline.php(103): Illuminate\\Pipeline\\Pipeline->Illuminate\\Pipeline\\{closure}()
#18 /var/www/kaped.app/web-app/vendor/laravel/framework/src/Illuminate/Queue/CallQueuedHandler.php(85): Illuminate\\Pipeline\\Pipeline->then()
#19 /var/www/kaped.app/web-app/vendor/laravel/framework/src/Illuminate/Queue/CallQueuedHandler.php(59): Illuminate\\Queue\\CallQueuedHandler->dispatchThroughMiddleware()
#20 /var/www/kaped.app/web-app/vendor/laravel/framework/src/Illuminate/Queue/Jobs/Job.php(98): Illuminate\\Queue\\CallQueuedHandler->call()
#21 /var/www/kaped.app/web-app/vendor/laravel/framework/src/Illuminate/Queue/Worker.php(356): Illuminate\\Queue\\Jobs\\Job->fire()
#22 /var/www/kaped.app/web-app/vendor/laravel/framework/src/Illuminate/Queue/Worker.php(306): Illuminate\\Queue\\Worker->process()
#23 /var/www/kaped.app/web-app/vendor/laravel/framework/src/Illuminate/Queue/Worker.php(132): Illuminate\\Queue\\Worker->runJob()
#24 /var/www/kaped.app/web-app/vendor/laravel/framework/src/Illuminate/Queue/Console/WorkCommand.php(112): Illuminate\\Queue\\Worker->daemon()
#25 /var/www/kaped.app/web-app/vendor/laravel/framework/src/Illuminate/Queue/Console/WorkCommand.php(96): Illuminate\\Queue\\Console\\WorkCommand->runWorker()
#26 /var/www/kaped.app/web-app/vendor/laravel/framework/src/Illuminate/Container/BoundMethod.php(36): Illuminate\\Queue\\Console\\WorkCommand->handle()
#27 /var/www/kaped.app/web-app/vendor/laravel/framework/src/Illuminate/Container/Util.php(37): Illuminate\\Container\\BoundMethod::Illuminate\\Container\\{closure}()
#28 /var/www/kaped.app/web-app/vendor/laravel/framework/src/Illuminate/Container/BoundMethod.php(93): Illuminate\\Container\\Util::unwrapIfClosure()
#29 /var/www/kaped.app/web-app/vendor/laravel/framework/src/Illuminate/Container/BoundMethod.php(37): Illuminate\\Container\\BoundMethod::callBoundMethod()
#30 /var/www/kaped.app/web-app/vendor/laravel/framework/src/Illuminate/Container/Container.php(596): Illuminate\\Container\\BoundMethod::call()
#31 /var/www/kaped.app/web-app/vendor/laravel/framework/src/Illuminate/Console/Command.php(134): Illuminate\\Container\\Container->call()
#32 /var/www/kaped.app/web-app/vendor/symfony/console/Command/Command.php(288): Illuminate\\Console\\Command->execute()
#33 /var/www/kaped.app/web-app/vendor/laravel/framework/src/Illuminate/Console/Command.php(121): Symfony\\Component\\Console\\Command\\Command->run()
#34 /var/www/kaped.app/web-app/vendor/symfony/console/Application.php(974): Illuminate\\Console\\Command->run()
#35 /var/www/kaped.app/web-app/vendor/symfony/console/Application.php(291): Symfony\\Component\\Console\\Application->doRunCommand()
#36 /var/www/kaped.app/web-app/vendor/symfony/console/Application.php(167): Symfony\\Component\\Console\\Application->doRun()
#37 /var/www/kaped.app/web-app/vendor/laravel/framework/src/Illuminate/Console/Application.php(93): Symfony\\Component\\Console\\Application->run()
#38 /var/www/kaped.app/web-app/vendor/laravel/framework/src/Illuminate/Foundation/Console/Kernel.php(129): Illuminate\\Console\\Application->run()
#39 /var/www/kaped.app/web-app/artisan(37): Illuminate\\Foundation\\Console\\Kernel->handle()
#40 {main}
"} 
