[2022-06-06 18:12:04][113928] Processing: EnactOn\ProCashBee\JobEvents\Jobs\GenerateSettingsConfig
[2022-06-06 18:12:04][113928] Processed:  EnactOn\ProCashBee\JobEvents\Jobs\GenerateSettingsConfig
[2022-06-06 18:12:04][113931] Processing: EnactOn\ProCashBee\JobEvents\Jobs\ClearPageCache
[2022-06-06 18:12:04][113931] Processed:  EnactOn\ProCashBee\JobEvents\Jobs\ClearPageCache
[2022-06-06 18:12:04][113932] Processing: EnactOn\ProCashBee\JobEvents\Jobs\ClearPageCache
[2022-06-06 18:12:04][113932] Processed:  EnactOn\ProCashBee\JobEvents\Jobs\ClearPageCache
[2022-06-06 18:12:04][113933] Processing: EnactOn\ProCashBee\JobEvents\Jobs\ClearPageCache
[2022-06-06 18:12:04][113933] Processed:  EnactOn\ProCashBee\JobEvents\Jobs\ClearPageCache
[2022-06-06 19:15:13][113935] Processing: EnactOn\ProCashBee\JobEvents\Jobs\ClearCacheByKey
[2022-06-06 19:15:13][113935] Processed:  EnactOn\ProCashBee\JobEvents\Jobs\ClearCacheByKey
[2022-06-06 19:16:00][113949] Processing: EnactOn\ProCashBee\JobEvents\Jobs\ClearCacheByTag
[2022-06-06 19:16:00][113949] Processed:  EnactOn\ProCashBee\JobEvents\Jobs\ClearCacheByTag
[2022-06-06 19:20:51][113953] Processing: EnactOn\ProCashBee\JobEvents\Jobs\ClearCacheByTag
[2022-06-06 19:20:52][113953] Processed:  EnactOn\ProCashBee\JobEvents\Jobs\ClearCacheByTag
[2022-06-07 10:33:17][113961] Processing: EnactOn\ProCashBee\JobEvents\Jobs\GenerateSettingsConfig
[2022-06-07 10:33:17][113961] Processed:  EnactOn\ProCashBee\JobEvents\Jobs\GenerateSettingsConfig
[2022-06-07 10:33:17][113964] Processing: EnactOn\ProCashBee\JobEvents\Jobs\ClearPageCache
[2022-06-07 10:33:17][113964] Processed:  EnactOn\ProCashBee\JobEvents\Jobs\ClearPageCache
[2022-06-07 10:33:17][113965] Processing: EnactOn\ProCashBee\JobEvents\Jobs\ClearPageCache
[2022-06-07 10:33:17][113965] Processed:  EnactOn\ProCashBee\JobEvents\Jobs\ClearPageCache
[2022-06-07 10:33:18][113966] Processing: EnactOn\ProCashBee\JobEvents\Jobs\ClearPageCache
[2022-06-07 10:33:18][113966] Processed:  EnactOn\ProCashBee\JobEvents\Jobs\ClearPageCache
[2022-06-07 10:38:41][113967] Processing: EnactOn\ProCashBee\JobEvents\Jobs\GenerateSettingsConfig
[2022-06-07 10:38:42][113967] Processed:  EnactOn\ProCashBee\JobEvents\Jobs\GenerateSettingsConfig
[2022-06-07 10:38:42][113970] Processing: EnactOn\ProCashBee\JobEvents\Jobs\ClearPageCache
[2022-06-07 10:38:42][113970] Processed:  EnactOn\ProCashBee\JobEvents\Jobs\ClearPageCache
[2022-06-07 10:38:42][113971] Processing: EnactOn\ProCashBee\JobEvents\Jobs\ClearPageCache
[2022-06-07 10:38:42][113971] Processed:  EnactOn\ProCashBee\JobEvents\Jobs\ClearPageCache
[2022-06-07 10:38:42][113972] Processing: EnactOn\ProCashBee\JobEvents\Jobs\ClearPageCache
[2022-06-07 10:38:42][113972] Processed:  EnactOn\ProCashBee\JobEvents\Jobs\ClearPageCache
[2022-06-07 10:40:00][113973] Processing: EnactOn\ProCashBee\Mail\Mail\VerifyEmail
[2022-06-07 10:40:01][113973] Processed:  EnactOn\ProCashBee\Mail\Mail\VerifyEmail
[2022-06-07 10:40:52][113975] Processing: EnactOn\ProCashBee\Mail\Mail\WelcomeUser
[2022-06-07 10:40:53][113975] Processed:  EnactOn\ProCashBee\Mail\Mail\WelcomeUser
[2022-06-07 11:14:45][113977] Processing: Illuminate\Foundation\Console\QueuedCommand
[2022-06-07 11:14:45][113977] Processed:  Illuminate\Foundation\Console\QueuedCommand
[2022-06-07 12:09:14][113983] Processing: EnactOn\ProCashBee\JobEvents\Jobs\ClearCacheByKey
[2022-06-07 12:09:14][113984] Processing: EnactOn\ProCashBee\JobEvents\Jobs\ClearPageCache
[2022-06-07 12:09:14][113984] Processed:  EnactOn\ProCashBee\JobEvents\Jobs\ClearPageCache
[2022-06-07 12:09:14][113983] Processed:  EnactOn\ProCashBee\JobEvents\Jobs\ClearCacheByKey
[2022-06-07 12:16:49][113986] Processing: EnactOn\ProCashBee\JobEvents\Jobs\ClearCacheByKey
[2022-06-07 12:16:49][113986] Processed:  EnactOn\ProCashBee\JobEvents\Jobs\ClearCacheByKey
[2022-06-07 12:16:49][113987] Processing: EnactOn\ProCashBee\JobEvents\Jobs\ClearPageCache
[2022-06-07 12:16:49][113987] Processed:  EnactOn\ProCashBee\JobEvents\Jobs\ClearPageCache
[2022-06-07 12:17:18][113989] Processing: EnactOn\ProCashBee\JobEvents\Jobs\ClearPageCache
[2022-06-07 12:17:18][113988] Processing: EnactOn\ProCashBee\JobEvents\Jobs\ClearCacheByKey
[2022-06-07 12:17:18][113989] Processed:  EnactOn\ProCashBee\JobEvents\Jobs\ClearPageCache
[2022-06-07 12:17:18][113988] Processed:  EnactOn\ProCashBee\JobEvents\Jobs\ClearCacheByKey
[2022-06-07 12:17:40][113992] Processing: EnactOn\ProCashBee\JobEvents\Jobs\ClearCacheByKey
[2022-06-07 12:17:40][113992] Processed:  EnactOn\ProCashBee\JobEvents\Jobs\ClearCacheByKey
[2022-06-07 12:17:40][113993] Processing: EnactOn\ProCashBee\JobEvents\Jobs\ClearPageCache
[2022-06-07 12:17:40][113993] Processed:  EnactOn\ProCashBee\JobEvents\Jobs\ClearPageCache
[2022-06-07 13:26:02][113996] Processing: EnactOn\ProCashBee\JobEvents\Jobs\GenerateSettingsConfig
[2022-06-07 13:26:02][113996] Processed:  EnactOn\ProCashBee\JobEvents\Jobs\GenerateSettingsConfig
[2022-06-07 13:26:02][113999] Processing: EnactOn\ProCashBee\JobEvents\Jobs\ClearPageCache
[2022-06-07 13:26:02][113999] Processed:  EnactOn\ProCashBee\JobEvents\Jobs\ClearPageCache
[2022-06-07 13:26:03][114000] Processing: EnactOn\ProCashBee\JobEvents\Jobs\ClearPageCache
[2022-06-07 13:26:03][114000] Processed:  EnactOn\ProCashBee\JobEvents\Jobs\ClearPageCache
[2022-06-07 13:26:03][114001] Processing: EnactOn\ProCashBee\JobEvents\Jobs\ClearPageCache
[2022-06-07 13:26:03][114001] Processed:  EnactOn\ProCashBee\JobEvents\Jobs\ClearPageCache
[2022-06-07 13:50:07][114005] Processing: EnactOn\ProCashBee\JobEvents\Jobs\ClearCacheByTag
[2022-06-07 13:50:07][114005] Processed:  EnactOn\ProCashBee\JobEvents\Jobs\ClearCacheByTag
[2022-06-07 14:12:31][114006] Processing: EnactOn\ProCashBee\JobEvents\Jobs\GenerateSettingsConfig
[2022-06-07 14:12:31][114006] Processed:  EnactOn\ProCashBee\JobEvents\Jobs\GenerateSettingsConfig
[2022-06-07 14:12:31][114009] Processing: EnactOn\ProCashBee\JobEvents\Jobs\ClearPageCache
[2022-06-07 14:12:31][114009] Processed:  EnactOn\ProCashBee\JobEvents\Jobs\ClearPageCache
[2022-06-07 14:12:31][114010] Processing: EnactOn\ProCashBee\JobEvents\Jobs\ClearPageCache
[2022-06-07 14:12:31][114010] Processed:  EnactOn\ProCashBee\JobEvents\Jobs\ClearPageCache
[2022-06-07 14:12:31][114011] Processing: EnactOn\ProCashBee\JobEvents\Jobs\ClearPageCache
[2022-06-07 14:12:31][114011] Processed:  EnactOn\ProCashBee\JobEvents\Jobs\ClearPageCache
[2022-06-07 14:12:55][114012] Processing: EnactOn\ProCashBee\JobEvents\Jobs\GenerateSettingsConfig
[2022-06-07 14:12:55][114012] Processed:  EnactOn\ProCashBee\JobEvents\Jobs\GenerateSettingsConfig
[2022-06-07 14:12:55][114015] Processing: EnactOn\ProCashBee\JobEvents\Jobs\ClearPageCache
[2022-06-07 14:12:55][114015] Processed:  EnactOn\ProCashBee\JobEvents\Jobs\ClearPageCache
[2022-06-07 14:12:56][114016] Processing: EnactOn\ProCashBee\JobEvents\Jobs\ClearPageCache
[2022-06-07 14:12:56][114016] Processed:  EnactOn\ProCashBee\JobEvents\Jobs\ClearPageCache
[2022-06-07 14:12:56][114017] Processing: EnactOn\ProCashBee\JobEvents\Jobs\ClearPageCache
[2022-06-07 14:12:56][114017] Processed:  EnactOn\ProCashBee\JobEvents\Jobs\ClearPageCache
[2022-06-07 14:36:24][114022] Processing: EnactOn\ProCashBee\Mail\Mail\VerifyEmail
[2022-06-07 14:36:25][114022] Processed:  EnactOn\ProCashBee\Mail\Mail\VerifyEmail
[2022-06-07 16:20:46][114025] Processing: EnactOn\ProCashBee\JobEvents\Jobs\GeneratePageRoute
[2022-06-07 16:20:46][114027] Processing: EnactOn\ProCashBee\JobEvents\Jobs\ClearCacheByTag
[2022-06-07 16:20:46][114029] Processing: EnactOn\ProCashBee\JobEvents\Jobs\ClearCacheByKey
[2022-06-07 16:20:46][114031] Processing: EnactOn\ProCashBee\JobEvents\Jobs\ClearCacheByKey
[2022-06-07 16:20:46][114029] Processed:  EnactOn\ProCashBee\JobEvents\Jobs\ClearCacheByKey
[2022-06-07 16:20:46][114032] Processing: EnactOn\ProCashBee\JobEvents\Jobs\ClearPageCache
[2022-06-07 16:20:46][114032] Processed:  EnactOn\ProCashBee\JobEvents\Jobs\ClearPageCache
[2022-06-07 16:20:46][114027] Processed:  EnactOn\ProCashBee\JobEvents\Jobs\ClearCacheByTag
[2022-06-07 16:20:46][114033] Processing: EnactOn\ProCashBee\JobEvents\Jobs\ClearPageCache
[2022-06-07 16:20:46][114033] Processed:  EnactOn\ProCashBee\JobEvents\Jobs\ClearPageCache
[2022-06-07 16:20:46][114031] Processed:  EnactOn\ProCashBee\JobEvents\Jobs\ClearCacheByKey
[2022-06-07 16:20:46][114025] Processed:  EnactOn\ProCashBee\JobEvents\Jobs\GeneratePageRoute
[2022-06-07 19:11:30][114036] Processing: EnactOn\ProCashBee\JobEvents\Jobs\ClearCacheByTag
[2022-06-07 19:11:30][114036] Processed:  EnactOn\ProCashBee\JobEvents\Jobs\ClearCacheByTag
[2022-06-07 19:11:30][114038] Processing: EnactOn\ProCashBee\JobEvents\Jobs\ClearCacheByKey
[2022-06-07 19:11:30][114038] Processed:  EnactOn\ProCashBee\JobEvents\Jobs\ClearCacheByKey
[2022-06-07 19:11:30][114040] Processing: EnactOn\ProCashBee\JobEvents\Jobs\ClearCacheByKey
[2022-06-07 19:11:30][114040] Processed:  EnactOn\ProCashBee\JobEvents\Jobs\ClearCacheByKey
[2022-06-07 19:11:30][114042] Processing: EnactOn\ProCashBee\JobEvents\Jobs\ClearCacheByKey
[2022-06-07 19:11:30][114042] Processed:  EnactOn\ProCashBee\JobEvents\Jobs\ClearCacheByKey
[2022-06-07 19:11:30][114043] Processing: EnactOn\ProCashBee\JobEvents\Jobs\ClearPageCache
[2022-06-07 19:11:30][114043] Processed:  EnactOn\ProCashBee\JobEvents\Jobs\ClearPageCache
[2022-06-07 19:13:17][114048] Processing: EnactOn\ProCashBee\Mail\Mail\VerifyEmail
[2022-06-07 19:13:18][114048] Processed:  EnactOn\ProCashBee\Mail\Mail\VerifyEmail
[2022-06-07 19:15:07][114054] Processing: EnactOn\ProCashBee\Mail\Mail\VerifyEmail
[2022-06-07 19:15:08][114054] Processed:  EnactOn\ProCashBee\Mail\Mail\VerifyEmail
[2022-06-07 09:56:33][114072] Processing: EnactOn\ProCashBee\JobEvents\Jobs\GenerateSettingsConfig
[2022-06-07 09:56:33][114072] Processed:  EnactOn\ProCashBee\JobEvents\Jobs\GenerateSettingsConfig
[2022-06-07 09:56:33][114076] Processing: EnactOn\ProCashBee\JobEvents\Jobs\ClearCacheByKey
[2022-06-07 09:56:33][114076] Processed:  EnactOn\ProCashBee\JobEvents\Jobs\ClearCacheByKey
[2022-06-07 09:56:33][114077] Processing: EnactOn\ProCashBee\JobEvents\Jobs\ClearPageCache
[2022-06-07 09:56:33][114077] Processed:  EnactOn\ProCashBee\JobEvents\Jobs\ClearPageCache
[2022-06-07 09:56:33][114078] Processing: EnactOn\ProCashBee\JobEvents\Jobs\ClearPageCache
[2022-06-07 09:56:33][114078] Processed:  EnactOn\ProCashBee\JobEvents\Jobs\ClearPageCache
[2022-06-07 09:56:34][114079] Processing: EnactOn\ProCashBee\JobEvents\Jobs\ClearPageCache
[2022-06-07 09:56:34][114079] Processed:  EnactOn\ProCashBee\JobEvents\Jobs\ClearPageCache
[2022-06-07 09:58:52][114081] Processing: EnactOn\ProCashBee\JobEvents\Jobs\ClearCacheByKey
[2022-06-07 09:58:52][114081] Processed:  EnactOn\ProCashBee\JobEvents\Jobs\ClearCacheByKey
[2022-06-07 23:25:31][114092] Processing: EnactOn\ProCashBee\Mail\Notifications\VerifyPayout
[2022-06-07 23:25:32][114092] Processed:  EnactOn\ProCashBee\Mail\Notifications\VerifyPayout
[2022-06-07 23:33:35][114102] Processing: EnactOn\ProCashBee\Mail\Mail\VerifyEmail
[2022-06-07 23:33:36][114102] Processed:  EnactOn\ProCashBee\Mail\Mail\VerifyEmail
[2022-06-07 23:43:53][114106] Processing: EnactOn\ProCashBee\Mail\Mail\ReferralInviteEmail
[2022-06-07 23:43:54][114106] Processed:  EnactOn\ProCashBee\Mail\Mail\ReferralInviteEmail
[2022-06-07 23:44:44][114108] Processing: EnactOn\ProCashBee\Mail\Mail\ReferralInviteEmail
[2022-06-07 23:44:44][114108] Processed:  EnactOn\ProCashBee\Mail\Mail\ReferralInviteEmail
[2022-06-08 01:26:52][114130] Processing: EnactOn\ProCashBee\Mail\Mail\VerifyEmail
[2022-06-08 01:26:52][114130] Processed:  EnactOn\ProCashBee\Mail\Mail\VerifyEmail
[2022-06-08 01:46:10][114137] Processing: EnactOn\ProCashBee\Mail\Mail\VerifyEmail
[2022-06-08 01:46:11][114137] Processed:  EnactOn\ProCashBee\Mail\Mail\VerifyEmail
[2022-06-08 01:50:14][114139] Processing: EnactOn\ProCashBee\JobEvents\Jobs\GenerateSettingsConfig
[2022-06-08 01:50:14][114142] Processing: EnactOn\ProCashBee\JobEvents\Jobs\ClearPageCache
[2022-06-08 01:50:14][114142] Processed:  EnactOn\ProCashBee\JobEvents\Jobs\ClearPageCache
[2022-06-08 01:50:14][114139] Processed:  EnactOn\ProCashBee\JobEvents\Jobs\GenerateSettingsConfig
[2022-06-08 01:50:14][114143] Processing: EnactOn\ProCashBee\JobEvents\Jobs\ClearPageCache
[2022-06-08 01:50:14][114143] Processed:  EnactOn\ProCashBee\JobEvents\Jobs\ClearPageCache
[2022-06-08 01:50:14][114144] Processing: EnactOn\ProCashBee\JobEvents\Jobs\ClearPageCache
[2022-06-08 01:50:14][114144] Processed:  EnactOn\ProCashBee\JobEvents\Jobs\ClearPageCache
[2022-06-08 01:50:26][114145] Processing: EnactOn\ProCashBee\Mail\Mail\VerifyEmail
[2022-06-08 01:50:27][114145] Processed:  EnactOn\ProCashBee\Mail\Mail\VerifyEmail
[2022-06-08 01:51:17][114148] Processing: EnactOn\ProCashBee\Mail\Mail\VerifyEmail
[2022-06-08 01:51:17][114148] Processed:  EnactOn\ProCashBee\Mail\Mail\VerifyEmail
[2022-06-08 01:52:17][114150] Processing: EnactOn\ProCashBee\Mail\Mail\VerifyEmail
[2022-06-08 01:52:19][114150] Processed:  EnactOn\ProCashBee\Mail\Mail\VerifyEmail
[2022-06-08 01:53:01][114152] Processing: EnactOn\ProCashBee\JobEvents\Jobs\GenerateSettingsConfig
[2022-06-08 01:53:01][114152] Processed:  EnactOn\ProCashBee\JobEvents\Jobs\GenerateSettingsConfig
[2022-06-08 01:53:01][114155] Processing: EnactOn\ProCashBee\JobEvents\Jobs\ClearPageCache
[2022-06-08 01:53:02][114155] Processed:  EnactOn\ProCashBee\JobEvents\Jobs\ClearPageCache
[2022-06-08 01:53:03][114156] Processing: EnactOn\ProCashBee\JobEvents\Jobs\ClearPageCache
[2022-06-08 01:53:03][114156] Processed:  EnactOn\ProCashBee\JobEvents\Jobs\ClearPageCache
[2022-06-08 01:53:03][114157] Processing: EnactOn\ProCashBee\JobEvents\Jobs\ClearPageCache
[2022-06-08 01:53:03][114157] Processed:  EnactOn\ProCashBee\JobEvents\Jobs\ClearPageCache
[2022-06-08 01:53:14][114158] Processing: EnactOn\ProCashBee\Mail\Mail\VerifyEmail
[2022-06-08 01:53:15][114158] Processed:  EnactOn\ProCashBee\Mail\Mail\VerifyEmail
[2022-06-08 01:53:28][114160] Processing: EnactOn\ProCashBee\Mail\Mail\VerifyEmail
[2022-06-08 01:53:29][114160] Processed:  EnactOn\ProCashBee\Mail\Mail\VerifyEmail
[2022-06-08 01:53:56][114162] Processing: EnactOn\ProCashBee\Mail\Mail\VerifyEmail
[2022-06-08 01:53:57][114162] Processed:  EnactOn\ProCashBee\Mail\Mail\VerifyEmail
[2022-06-08 02:00:09][114167] Processing: EnactOn\ProCashBee\JobEvents\Jobs\ClearPageCache
[2022-06-08 02:00:09][114164] Processing: EnactOn\ProCashBee\JobEvents\Jobs\GenerateSettingsConfig
[2022-06-08 02:00:09][114167] Processed:  EnactOn\ProCashBee\JobEvents\Jobs\ClearPageCache
[2022-06-08 02:00:09][114164] Processed:  EnactOn\ProCashBee\JobEvents\Jobs\GenerateSettingsConfig
[2022-06-08 02:00:09][114168] Processing: EnactOn\ProCashBee\JobEvents\Jobs\ClearPageCache
[2022-06-08 02:00:09][114168] Processed:  EnactOn\ProCashBee\JobEvents\Jobs\ClearPageCache
[2022-06-08 02:00:09][114169] Processing: EnactOn\ProCashBee\JobEvents\Jobs\ClearPageCache
[2022-06-08 02:00:09][114169] Processed:  EnactOn\ProCashBee\JobEvents\Jobs\ClearPageCache
[2022-06-08 02:05:31][114174] Processing: EnactOn\ProCashBee\Mail\Mail\VerifyEmail
[2022-06-08 02:05:32][114174] Processed:  EnactOn\ProCashBee\Mail\Mail\VerifyEmail
[2022-06-08 02:05:36][114176] Processing: EnactOn\ProCashBee\Mail\Mail\ReferralInviteEmail
[2022-06-08 02:05:36][114176] Processed:  EnactOn\ProCashBee\Mail\Mail\ReferralInviteEmail
[2022-06-08 02:07:11][114178] Processing: EnactOn\ProCashBee\Mail\Mail\VerifyEmail
[2022-06-08 02:07:11][114178] Processed:  EnactOn\ProCashBee\Mail\Mail\VerifyEmail
[2022-06-08 02:07:47][114183] Processing: EnactOn\ProCashBee\JobEvents\Jobs\ClearPageCache
[2022-06-08 02:07:47][114180] Processing: EnactOn\ProCashBee\JobEvents\Jobs\GenerateSettingsConfig
[2022-06-08 02:07:47][114184] Processing: EnactOn\ProCashBee\JobEvents\Jobs\ClearPageCache
[2022-06-08 02:07:47][114183] Processed:  EnactOn\ProCashBee\JobEvents\Jobs\ClearPageCache
[2022-06-08 02:07:47][114184] Processed:  EnactOn\ProCashBee\JobEvents\Jobs\ClearPageCache
[2022-06-08 02:07:47][114180] Processed:  EnactOn\ProCashBee\JobEvents\Jobs\GenerateSettingsConfig
[2022-06-08 02:07:47][114185] Processing: EnactOn\ProCashBee\JobEvents\Jobs\ClearPageCache
[2022-06-08 02:07:47][114185] Processed:  EnactOn\ProCashBee\JobEvents\Jobs\ClearPageCache
[2022-06-08 02:07:58][114186] Processing: EnactOn\ProCashBee\Mail\Mail\VerifyEmail
[2022-06-08 02:07:59][114186] Processed:  EnactOn\ProCashBee\Mail\Mail\VerifyEmail
[2022-06-08 02:29:07][114189] Processing: EnactOn\ProCashBee\JobEvents\Jobs\GenerateSettingsConfig
[2022-06-08 02:29:08][114189] Processed:  EnactOn\ProCashBee\JobEvents\Jobs\GenerateSettingsConfig
[2022-06-08 02:29:08][114192] Processing: EnactOn\ProCashBee\JobEvents\Jobs\ClearPageCache
[2022-06-08 02:29:08][114192] Processed:  EnactOn\ProCashBee\JobEvents\Jobs\ClearPageCache
[2022-06-08 02:29:08][114193] Processing: EnactOn\ProCashBee\JobEvents\Jobs\ClearPageCache
[2022-06-08 02:29:08][114193] Processed:  EnactOn\ProCashBee\JobEvents\Jobs\ClearPageCache
[2022-06-08 02:29:08][114194] Processing: EnactOn\ProCashBee\JobEvents\Jobs\ClearPageCache
[2022-06-08 02:29:08][114194] Processed:  EnactOn\ProCashBee\JobEvents\Jobs\ClearPageCache
[2022-06-08 02:32:58][114201] Processing: EnactOn\ProCashBee\JobEvents\Jobs\GenerateSettingsConfig
[2022-06-08 02:32:58][114201] Processed:  EnactOn\ProCashBee\JobEvents\Jobs\GenerateSettingsConfig
[2022-06-08 02:32:58][114204] Processing: EnactOn\ProCashBee\JobEvents\Jobs\ClearPageCache
[2022-06-08 02:32:58][114204] Processed:  EnactOn\ProCashBee\JobEvents\Jobs\ClearPageCache
[2022-06-08 02:32:58][114205] Processing: EnactOn\ProCashBee\JobEvents\Jobs\ClearPageCache
[2022-06-08 02:32:58][114205] Processed:  EnactOn\ProCashBee\JobEvents\Jobs\ClearPageCache
[2022-06-08 02:32:58][114206] Processing: EnactOn\ProCashBee\JobEvents\Jobs\ClearPageCache
[2022-06-08 02:32:58][114206] Processed:  EnactOn\ProCashBee\JobEvents\Jobs\ClearPageCache
[2022-06-08 02:34:58][114210] Processing: EnactOn\ProCashBee\JobEvents\Jobs\GenerateSettingsConfig
[2022-06-08 02:34:58][114210] Processed:  EnactOn\ProCashBee\JobEvents\Jobs\GenerateSettingsConfig
[2022-06-08 02:34:58][114213] Processing: EnactOn\ProCashBee\JobEvents\Jobs\ClearPageCache
[2022-06-08 02:34:58][114213] Processed:  EnactOn\ProCashBee\JobEvents\Jobs\ClearPageCache
[2022-06-08 02:34:58][114214] Processing: EnactOn\ProCashBee\JobEvents\Jobs\ClearPageCache
[2022-06-08 02:34:58][114214] Processed:  EnactOn\ProCashBee\JobEvents\Jobs\ClearPageCache
[2022-06-08 02:34:59][114215] Processing: EnactOn\ProCashBee\JobEvents\Jobs\ClearPageCache
[2022-06-08 02:34:59][114215] Processed:  EnactOn\ProCashBee\JobEvents\Jobs\ClearPageCache
[2022-06-08 02:36:06][114223] Processing: EnactOn\ProCashBee\Mail\Mail\VerifyEmail
[2022-06-08 02:36:07][114223] Processed:  EnactOn\ProCashBee\Mail\Mail\VerifyEmail
[2022-06-08 02:38:29][114229] Processing: EnactOn\ProCashBee\JobEvents\Jobs\ClearPageCache
[2022-06-08 02:38:29][114225] Processing: EnactOn\ProCashBee\JobEvents\Jobs\GenerateSettingsConfig
[2022-06-08 02:38:29][114228] Processing: EnactOn\ProCashBee\JobEvents\Jobs\ClearPageCache
[2022-06-08 02:38:29][114228] Processed:  EnactOn\ProCashBee\JobEvents\Jobs\ClearPageCache
[2022-06-08 02:38:29][114229] Processed:  EnactOn\ProCashBee\JobEvents\Jobs\ClearPageCache
[2022-06-08 02:38:29][114225] Processed:  EnactOn\ProCashBee\JobEvents\Jobs\GenerateSettingsConfig
[2022-06-08 02:38:29][114230] Processing: EnactOn\ProCashBee\JobEvents\Jobs\ClearPageCache
[2022-06-08 02:38:29][114230] Processed:  EnactOn\ProCashBee\JobEvents\Jobs\ClearPageCache
[2022-06-08 04:20:10][114235] Processing: EnactOn\ProCashBee\JobEvents\Jobs\ClearCacheByTag
[2022-06-08 04:20:10][114235] Processed:  EnactOn\ProCashBee\JobEvents\Jobs\ClearCacheByTag
[2022-06-09 00:38:00][114255] Processing: EnactOn\ProCashBee\Mail\Mail\VerifyEmail
[2022-06-09 00:38:01][114255] Processed:  EnactOn\ProCashBee\Mail\Mail\VerifyEmail
[2022-06-09 00:41:31][114261] Processing: EnactOn\ProCashBee\Mail\Mail\VerifyEmail
[2022-06-09 00:41:31][114261] Processed:  EnactOn\ProCashBee\Mail\Mail\VerifyEmail
[2022-06-09 00:43:28][114264] Processing: EnactOn\ProCashBee\JobEvents\Jobs\GenerateSettingsConfig
[2022-06-09 00:43:28][114267] Processing: EnactOn\ProCashBee\JobEvents\Jobs\ClearPageCache
[2022-06-09 00:43:28][114267] Processed:  EnactOn\ProCashBee\JobEvents\Jobs\ClearPageCache
[2022-06-09 00:43:29][114264] Processed:  EnactOn\ProCashBee\JobEvents\Jobs\GenerateSettingsConfig
[2022-06-09 00:43:29][114268] Processing: EnactOn\ProCashBee\JobEvents\Jobs\ClearPageCache
[2022-06-09 00:43:29][114268] Processed:  EnactOn\ProCashBee\JobEvents\Jobs\ClearPageCache
[2022-06-09 00:43:29][114269] Processing: EnactOn\ProCashBee\JobEvents\Jobs\ClearPageCache
[2022-06-09 00:43:29][114269] Processed:  EnactOn\ProCashBee\JobEvents\Jobs\ClearPageCache
[2022-06-09 00:45:59][114274] Processing: EnactOn\ProCashBee\Mail\Mail\VerifyEmail
[2022-06-09 00:46:00][114274] Processed:  EnactOn\ProCashBee\Mail\Mail\VerifyEmail
[2022-06-09 00:47:46][114277] Processing: EnactOn\ProCashBee\Mail\Mail\VerifyEmail
[2022-06-09 00:47:47][114277] Processed:  EnactOn\ProCashBee\Mail\Mail\VerifyEmail
[2022-06-09 01:50:23][114281] Processing: EnactOn\ProCashBee\JobEvents\Jobs\ClearCacheByTag
[2022-06-09 01:50:23][114283] Processing: EnactOn\ProCashBee\JobEvents\Jobs\ClearCacheByKey
[2022-06-09 01:50:23][114281] Processed:  EnactOn\ProCashBee\JobEvents\Jobs\ClearCacheByTag
[2022-06-09 01:50:23][114285] Processing: EnactOn\ProCashBee\JobEvents\Jobs\ClearCacheByKey
[2022-06-09 01:50:23][114285] Processed:  EnactOn\ProCashBee\JobEvents\Jobs\ClearCacheByKey
[2022-06-09 01:50:23][114283] Processed:  EnactOn\ProCashBee\JobEvents\Jobs\ClearCacheByKey
[2022-06-09 01:50:23][114288] Processing: EnactOn\ProCashBee\JobEvents\Jobs\ClearPageCache
[2022-06-09 01:50:23][114287] Processing: EnactOn\ProCashBee\JobEvents\Jobs\ClearCacheByKey
[2022-06-09 01:50:23][114287] Processed:  EnactOn\ProCashBee\JobEvents\Jobs\ClearCacheByKey
[2022-06-09 01:50:23][114288] Processed:  EnactOn\ProCashBee\JobEvents\Jobs\ClearPageCache
[2022-06-09 01:50:26][114290] Processing: EnactOn\ProCashBee\JobEvents\Jobs\ClearCacheByTag
[2022-06-09 01:50:26][114290] Processed:  EnactOn\ProCashBee\JobEvents\Jobs\ClearCacheByTag
[2022-06-09 01:50:26][114292] Processing: EnactOn\ProCashBee\JobEvents\Jobs\ClearCacheByKey
[2022-06-09 01:50:26][114292] Processed:  EnactOn\ProCashBee\JobEvents\Jobs\ClearCacheByKey
[2022-06-09 01:50:26][114294] Processing: EnactOn\ProCashBee\JobEvents\Jobs\ClearCacheByKey
[2022-06-09 01:50:26][114294] Processed:  EnactOn\ProCashBee\JobEvents\Jobs\ClearCacheByKey
[2022-06-09 01:50:26][114296] Processing: EnactOn\ProCashBee\JobEvents\Jobs\ClearCacheByKey
[2022-06-09 01:50:26][114296] Processed:  EnactOn\ProCashBee\JobEvents\Jobs\ClearCacheByKey
[2022-06-09 01:50:26][114297] Processing: EnactOn\ProCashBee\JobEvents\Jobs\ClearPageCache
[2022-06-09 01:50:26][114297] Processed:  EnactOn\ProCashBee\JobEvents\Jobs\ClearPageCache
[2022-06-09 01:50:30][114299] Processing: EnactOn\ProCashBee\JobEvents\Jobs\ClearCacheByTag
[2022-06-09 01:50:30][114301] Processing: EnactOn\ProCashBee\JobEvents\Jobs\ClearCacheByKey
[2022-06-09 01:50:30][114301] Processed:  EnactOn\ProCashBee\JobEvents\Jobs\ClearCacheByKey
[2022-06-09 01:50:30][114303] Processing: EnactOn\ProCashBee\JobEvents\Jobs\ClearCacheByKey
[2022-06-09 01:50:30][114299] Processed:  EnactOn\ProCashBee\JobEvents\Jobs\ClearCacheByTag
[2022-06-09 01:50:30][114303] Processed:  EnactOn\ProCashBee\JobEvents\Jobs\ClearCacheByKey
[2022-06-09 01:50:30][114305] Processing: EnactOn\ProCashBee\JobEvents\Jobs\ClearCacheByKey
[2022-06-09 01:50:30][114306] Processing: EnactOn\ProCashBee\JobEvents\Jobs\ClearPageCache
[2022-06-09 01:50:30][114305] Processed:  EnactOn\ProCashBee\JobEvents\Jobs\ClearCacheByKey
[2022-06-09 01:50:30][114306] Processed:  EnactOn\ProCashBee\JobEvents\Jobs\ClearPageCache
[2022-06-09 01:50:34][114308] Processing: EnactOn\ProCashBee\JobEvents\Jobs\ClearCacheByTag
[2022-06-09 01:50:34][114310] Processing: EnactOn\ProCashBee\JobEvents\Jobs\ClearCacheByKey
[2022-06-09 01:50:34][114310] Processed:  EnactOn\ProCashBee\JobEvents\Jobs\ClearCacheByKey
[2022-06-09 01:50:34][114312] Processing: EnactOn\ProCashBee\JobEvents\Jobs\ClearCacheByKey
[2022-06-09 01:50:34][114308] Processed:  EnactOn\ProCashBee\JobEvents\Jobs\ClearCacheByTag
[2022-06-09 01:50:34][114312] Processed:  EnactOn\ProCashBee\JobEvents\Jobs\ClearCacheByKey
[2022-06-09 01:50:34][114314] Processing: EnactOn\ProCashBee\JobEvents\Jobs\ClearCacheByKey
[2022-06-09 01:50:34][114315] Processing: EnactOn\ProCashBee\JobEvents\Jobs\ClearPageCache
[2022-06-09 01:50:34][114314] Processed:  EnactOn\ProCashBee\JobEvents\Jobs\ClearCacheByKey
[2022-06-09 01:50:34][114315] Processed:  EnactOn\ProCashBee\JobEvents\Jobs\ClearPageCache
[2022-06-09 04:20:07][114319] Processing: EnactOn\ProCashBee\JobEvents\Jobs\ClearCacheByTag
[2022-06-09 04:20:07][114319] Processed:  EnactOn\ProCashBee\JobEvents\Jobs\ClearCacheByTag
[2022-06-09 09:57:39][114323] Processing: EnactOn\ProCashBee\JobEvents\Jobs\ClearCacheByKey
[2022-06-09 09:57:39][114323] Processed:  EnactOn\ProCashBee\JobEvents\Jobs\ClearCacheByKey
[2022-06-09 10:03:22][114325] Processing: EnactOn\ProCashBee\JobEvents\Jobs\ClearPageCache
[2022-06-09 10:03:22][114324] Processing: EnactOn\ProCashBee\JobEvents\Jobs\ClearCacheByKey
[2022-06-09 10:03:22][114324] Processed:  EnactOn\ProCashBee\JobEvents\Jobs\ClearCacheByKey
[2022-06-09 10:03:22][114325] Processed:  EnactOn\ProCashBee\JobEvents\Jobs\ClearPageCache
[2022-06-09 10:08:21][114326] Processing: EnactOn\ProCashBee\JobEvents\Jobs\GenerateSettingsConfig
[2022-06-09 10:08:22][114326] Processed:  EnactOn\ProCashBee\JobEvents\Jobs\GenerateSettingsConfig
[2022-06-09 10:08:22][114329] Processing: EnactOn\ProCashBee\JobEvents\Jobs\ClearPageCache
[2022-06-09 10:08:22][114329] Processed:  EnactOn\ProCashBee\JobEvents\Jobs\ClearPageCache
[2022-06-09 10:08:22][114330] Processing: EnactOn\ProCashBee\JobEvents\Jobs\ClearPageCache
[2022-06-09 10:08:22][114330] Processed:  EnactOn\ProCashBee\JobEvents\Jobs\ClearPageCache
[2022-06-09 10:08:22][114331] Processing: EnactOn\ProCashBee\JobEvents\Jobs\ClearPageCache
[2022-06-09 10:08:22][114331] Processed:  EnactOn\ProCashBee\JobEvents\Jobs\ClearPageCache
[2022-06-09 10:08:29][114332] Processing: EnactOn\ProCashBee\JobEvents\Jobs\GenerateSettingsConfig
[2022-06-09 10:08:30][114332] Processed:  EnactOn\ProCashBee\JobEvents\Jobs\GenerateSettingsConfig
[2022-06-09 10:08:30][114335] Processing: EnactOn\ProCashBee\JobEvents\Jobs\ClearPageCache
[2022-06-09 10:08:30][114335] Processed:  EnactOn\ProCashBee\JobEvents\Jobs\ClearPageCache
[2022-06-09 10:08:30][114336] Processing: EnactOn\ProCashBee\JobEvents\Jobs\ClearPageCache
[2022-06-09 10:08:30][114336] Processed:  EnactOn\ProCashBee\JobEvents\Jobs\ClearPageCache
[2022-06-09 10:08:30][114337] Processing: EnactOn\ProCashBee\JobEvents\Jobs\ClearPageCache
[2022-06-09 10:08:30][114337] Processed:  EnactOn\ProCashBee\JobEvents\Jobs\ClearPageCache
[2022-06-09 10:08:58][114338] Processing: EnactOn\ProCashBee\JobEvents\Jobs\GenerateSettingsConfig
[2022-06-09 10:08:58][114338] Processed:  EnactOn\ProCashBee\JobEvents\Jobs\GenerateSettingsConfig
[2022-06-09 10:08:58][114341] Processing: EnactOn\ProCashBee\JobEvents\Jobs\ClearPageCache
[2022-06-09 10:08:58][114341] Processed:  EnactOn\ProCashBee\JobEvents\Jobs\ClearPageCache
[2022-06-09 10:08:58][114342] Processing: EnactOn\ProCashBee\JobEvents\Jobs\ClearPageCache
[2022-06-09 10:08:58][114342] Processed:  EnactOn\ProCashBee\JobEvents\Jobs\ClearPageCache
[2022-06-09 10:08:58][114343] Processing: EnactOn\ProCashBee\JobEvents\Jobs\ClearPageCache
[2022-06-09 10:08:58][114343] Processed:  EnactOn\ProCashBee\JobEvents\Jobs\ClearPageCache
[2022-06-09 10:10:49][114344] Processing: EnactOn\ProCashBee\JobEvents\Jobs\GenerateSettingsConfig
[2022-06-09 10:10:49][114348] Processing: EnactOn\ProCashBee\JobEvents\Jobs\ClearPageCache
[2022-06-09 10:10:49][114347] Processing: EnactOn\ProCashBee\JobEvents\Jobs\ClearPageCache
[2022-06-09 10:10:49][114347] Processed:  EnactOn\ProCashBee\JobEvents\Jobs\ClearPageCache
[2022-06-09 10:10:49][114348] Processed:  EnactOn\ProCashBee\JobEvents\Jobs\ClearPageCache
[2022-06-09 10:10:49][114344] Processed:  EnactOn\ProCashBee\JobEvents\Jobs\GenerateSettingsConfig
[2022-06-09 10:10:49][114349] Processing: EnactOn\ProCashBee\JobEvents\Jobs\ClearPageCache
[2022-06-09 10:10:49][114349] Processed:  EnactOn\ProCashBee\JobEvents\Jobs\ClearPageCache
[2022-06-09 10:12:57][114350] Processing: EnactOn\ProCashBee\JobEvents\Jobs\GenerateSettingsConfig
[2022-06-09 10:12:57][114350] Processed:  EnactOn\ProCashBee\JobEvents\Jobs\GenerateSettingsConfig
[2022-06-09 10:12:57][114353] Processing: EnactOn\ProCashBee\JobEvents\Jobs\ClearPageCache
[2022-06-09 10:12:57][114353] Processed:  EnactOn\ProCashBee\JobEvents\Jobs\ClearPageCache
[2022-06-09 10:12:57][114354] Processing: EnactOn\ProCashBee\JobEvents\Jobs\ClearPageCache
[2022-06-09 10:12:57][114354] Processed:  EnactOn\ProCashBee\JobEvents\Jobs\ClearPageCache
[2022-06-09 10:12:57][114355] Processing: EnactOn\ProCashBee\JobEvents\Jobs\ClearPageCache
[2022-06-09 10:12:57][114355] Processed:  EnactOn\ProCashBee\JobEvents\Jobs\ClearPageCache
[2022-06-09 10:18:57][114356] Processing: EnactOn\ProCashBee\JobEvents\Jobs\GenerateSettingsConfig
[2022-06-09 10:18:58][114356] Processed:  EnactOn\ProCashBee\JobEvents\Jobs\GenerateSettingsConfig
[2022-06-09 10:18:58][114359] Processing: EnactOn\ProCashBee\JobEvents\Jobs\ClearPageCache
[2022-06-09 10:18:58][114359] Processed:  EnactOn\ProCashBee\JobEvents\Jobs\ClearPageCache
[2022-06-09 10:18:58][114360] Processing: EnactOn\ProCashBee\JobEvents\Jobs\ClearPageCache
[2022-06-09 10:18:58][114360] Processed:  EnactOn\ProCashBee\JobEvents\Jobs\ClearPageCache
[2022-06-09 10:18:59][114361] Processing: EnactOn\ProCashBee\JobEvents\Jobs\ClearPageCache
[2022-06-09 10:18:59][114361] Processed:  EnactOn\ProCashBee\JobEvents\Jobs\ClearPageCache
[2022-06-09 10:21:10][114362] Processing: EnactOn\ProCashBee\JobEvents\Jobs\GenerateSettingsConfig
[2022-06-09 10:21:10][114365] Processing: EnactOn\ProCashBee\JobEvents\Jobs\ClearPageCache
[2022-06-09 10:21:10][114365] Processed:  EnactOn\ProCashBee\JobEvents\Jobs\ClearPageCache
[2022-06-09 10:21:10][114362] Processed:  EnactOn\ProCashBee\JobEvents\Jobs\GenerateSettingsConfig
[2022-06-09 10:21:10][114366] Processing: EnactOn\ProCashBee\JobEvents\Jobs\ClearPageCache
[2022-06-09 10:21:10][114366] Processed:  EnactOn\ProCashBee\JobEvents\Jobs\ClearPageCache
[2022-06-09 10:21:10][114367] Processing: EnactOn\ProCashBee\JobEvents\Jobs\ClearPageCache
[2022-06-09 10:21:10][114367] Processed:  EnactOn\ProCashBee\JobEvents\Jobs\ClearPageCache
[2022-06-09 10:22:25][114368] Processing: EnactOn\ProCashBee\JobEvents\Jobs\GenerateSettingsConfig
[2022-06-09 10:22:25][114371] Processing: EnactOn\ProCashBee\JobEvents\Jobs\ClearPageCache
[2022-06-09 10:22:25][114371] Processed:  EnactOn\ProCashBee\JobEvents\Jobs\ClearPageCache
[2022-06-09 10:22:25][114368] Processed:  EnactOn\ProCashBee\JobEvents\Jobs\GenerateSettingsConfig
[2022-06-09 10:22:25][114372] Processing: EnactOn\ProCashBee\JobEvents\Jobs\ClearPageCache
[2022-06-09 10:22:25][114372] Processed:  EnactOn\ProCashBee\JobEvents\Jobs\ClearPageCache
[2022-06-09 10:22:25][114373] Processing: EnactOn\ProCashBee\JobEvents\Jobs\ClearPageCache
[2022-06-09 10:22:25][114373] Processed:  EnactOn\ProCashBee\JobEvents\Jobs\ClearPageCache
[2022-06-09 10:23:12][114377] Processing: EnactOn\ProCashBee\JobEvents\Jobs\ClearPageCache
[2022-06-09 10:23:12][114374] Processing: EnactOn\ProCashBee\JobEvents\Jobs\GenerateSettingsConfig
[2022-06-09 10:23:12][114377] Processed:  EnactOn\ProCashBee\JobEvents\Jobs\ClearPageCache
[2022-06-09 10:23:12][114374] Processed:  EnactOn\ProCashBee\JobEvents\Jobs\GenerateSettingsConfig
[2022-06-09 10:23:12][114378] Processing: EnactOn\ProCashBee\JobEvents\Jobs\ClearPageCache
[2022-06-09 10:23:12][114378] Processed:  EnactOn\ProCashBee\JobEvents\Jobs\ClearPageCache
[2022-06-09 10:23:13][114379] Processing: EnactOn\ProCashBee\JobEvents\Jobs\ClearPageCache
[2022-06-09 10:23:13][114379] Processed:  EnactOn\ProCashBee\JobEvents\Jobs\ClearPageCache
[2022-06-09 10:29:07][114380] Processing: EnactOn\ProCashBee\JobEvents\Jobs\GenerateSettingsConfig
[2022-06-09 10:29:07][114380] Processed:  EnactOn\ProCashBee\JobEvents\Jobs\GenerateSettingsConfig
[2022-06-09 10:29:07][114383] Processing: EnactOn\ProCashBee\JobEvents\Jobs\ClearPageCache
[2022-06-09 10:29:07][114383] Processed:  EnactOn\ProCashBee\JobEvents\Jobs\ClearPageCache
[2022-06-09 10:29:07][114384] Processing: EnactOn\ProCashBee\JobEvents\Jobs\ClearPageCache
[2022-06-09 10:29:07][114384] Processed:  EnactOn\ProCashBee\JobEvents\Jobs\ClearPageCache
[2022-06-09 10:29:07][114385] Processing: EnactOn\ProCashBee\JobEvents\Jobs\ClearPageCache
[2022-06-09 10:29:07][114385] Processed:  EnactOn\ProCashBee\JobEvents\Jobs\ClearPageCache
[2022-06-09 10:29:53][114386] Processing: EnactOn\ProCashBee\JobEvents\Jobs\GenerateSettingsConfig
[2022-06-09 10:29:53][114386] Processed:  EnactOn\ProCashBee\JobEvents\Jobs\GenerateSettingsConfig
[2022-06-09 10:29:53][114389] Processing: EnactOn\ProCashBee\JobEvents\Jobs\ClearPageCache
[2022-06-09 10:29:53][114389] Processed:  EnactOn\ProCashBee\JobEvents\Jobs\ClearPageCache
[2022-06-09 10:29:53][114390] Processing: EnactOn\ProCashBee\JobEvents\Jobs\ClearPageCache
[2022-06-09 10:29:53][114390] Processed:  EnactOn\ProCashBee\JobEvents\Jobs\ClearPageCache
[2022-06-09 10:29:53][114391] Processing: EnactOn\ProCashBee\JobEvents\Jobs\ClearPageCache
[2022-06-09 10:29:53][114391] Processed:  EnactOn\ProCashBee\JobEvents\Jobs\ClearPageCache
[2022-06-09 10:43:58][114392] Processing: EnactOn\ProCashBee\JobEvents\Jobs\ClearCacheByKey
[2022-06-09 10:43:58][114393] Processing: EnactOn\ProCashBee\JobEvents\Jobs\ClearCacheByKey
[2022-06-09 10:43:58][114394] Processing: EnactOn\ProCashBee\JobEvents\Jobs\ClearCacheByKey
[2022-06-09 10:43:58][114393] Processed:  EnactOn\ProCashBee\JobEvents\Jobs\ClearCacheByKey
[2022-06-09 10:43:58][114392] Processed:  EnactOn\ProCashBee\JobEvents\Jobs\ClearCacheByKey
[2022-06-09 10:43:58][114394] Processed:  EnactOn\ProCashBee\JobEvents\Jobs\ClearCacheByKey
[2022-06-09 10:43:58][114395] Processing: EnactOn\ProCashBee\JobEvents\Jobs\ClearPageCache
[2022-06-09 10:43:58][114396] Processing: EnactOn\ProCashBee\JobEvents\Jobs\ClearPageCache
[2022-06-09 10:43:58][114397] Processing: EnactOn\ProCashBee\JobEvents\Jobs\ClearPageCache
[2022-06-09 10:43:58][114396] Processed:  EnactOn\ProCashBee\JobEvents\Jobs\ClearPageCache
[2022-06-09 10:43:58][114395] Processed:  EnactOn\ProCashBee\JobEvents\Jobs\ClearPageCache
[2022-06-09 10:43:58][114397] Processed:  EnactOn\ProCashBee\JobEvents\Jobs\ClearPageCache
[2022-06-09 10:43:58][114399] Processing: EnactOn\ProCashBee\JobEvents\Jobs\ClearPageCache
[2022-06-09 10:43:58][114398] Processing: EnactOn\ProCashBee\JobEvents\Jobs\ClearCacheByKey
[2022-06-09 10:43:58][114399] Processed:  EnactOn\ProCashBee\JobEvents\Jobs\ClearPageCache
[2022-06-09 10:43:58][114398] Processed:  EnactOn\ProCashBee\JobEvents\Jobs\ClearCacheByKey
[2022-06-09 10:44:02][114400] Processing: EnactOn\ProCashBee\JobEvents\Jobs\ClearCacheByKey
[2022-06-09 10:44:02][114400] Processed:  EnactOn\ProCashBee\JobEvents\Jobs\ClearCacheByKey
[2022-06-09 10:44:02][114401] Processing: EnactOn\ProCashBee\JobEvents\Jobs\ClearCacheByKey
[2022-06-09 10:44:02][114402] Processing: EnactOn\ProCashBee\JobEvents\Jobs\ClearCacheByKey
[2022-06-09 10:44:02][114403] Processing: EnactOn\ProCashBee\JobEvents\Jobs\ClearPageCache
[2022-06-09 10:44:02][114402] Processed:  EnactOn\ProCashBee\JobEvents\Jobs\ClearCacheByKey
[2022-06-09 10:44:02][114403] Processed:  EnactOn\ProCashBee\JobEvents\Jobs\ClearPageCache
[2022-06-09 10:44:02][114405] Processing: EnactOn\ProCashBee\JobEvents\Jobs\ClearPageCache
[2022-06-09 10:44:02][114404] Processing: EnactOn\ProCashBee\JobEvents\Jobs\ClearPageCache
[2022-06-09 10:44:02][114401] Processed:  EnactOn\ProCashBee\JobEvents\Jobs\ClearCacheByKey
[2022-06-09 10:44:02][114405] Processed:  EnactOn\ProCashBee\JobEvents\Jobs\ClearPageCache
[2022-06-09 10:44:02][114406] Processing: EnactOn\ProCashBee\JobEvents\Jobs\ClearCacheByKey
[2022-06-09 10:44:02][114404] Processed:  EnactOn\ProCashBee\JobEvents\Jobs\ClearPageCache
[2022-06-09 10:44:02][114407] Processing: EnactOn\ProCashBee\JobEvents\Jobs\ClearPageCache
[2022-06-09 10:44:02][114406] Processed:  EnactOn\ProCashBee\JobEvents\Jobs\ClearCacheByKey
[2022-06-09 10:44:02][114407] Processed:  EnactOn\ProCashBee\JobEvents\Jobs\ClearPageCache
[2022-06-09 10:44:04][114409] Processing: EnactOn\ProCashBee\JobEvents\Jobs\ClearCacheByKey
[2022-06-09 10:44:04][114408] Processing: EnactOn\ProCashBee\JobEvents\Jobs\ClearCacheByKey
[2022-06-09 10:44:04][114410] Processing: EnactOn\ProCashBee\JobEvents\Jobs\ClearPageCache
[2022-06-09 10:44:04][114409] Processed:  EnactOn\ProCashBee\JobEvents\Jobs\ClearCacheByKey
[2022-06-09 10:44:04][114411] Processing: EnactOn\ProCashBee\JobEvents\Jobs\ClearPageCache
[2022-06-09 10:44:04][114410] Processed:  EnactOn\ProCashBee\JobEvents\Jobs\ClearPageCache
[2022-06-09 10:44:04][114411] Processed:  EnactOn\ProCashBee\JobEvents\Jobs\ClearPageCache
[2022-06-09 10:44:04][114408] Processed:  EnactOn\ProCashBee\JobEvents\Jobs\ClearCacheByKey
[2022-06-09 10:44:19][114412] Processing: EnactOn\ProCashBee\JobEvents\Jobs\ClearCacheByKey
[2022-06-09 10:44:19][114414] Processing: EnactOn\ProCashBee\JobEvents\Jobs\ClearCacheByKey
[2022-06-09 10:44:19][114413] Processing: EnactOn\ProCashBee\JobEvents\Jobs\ClearPageCache
[2022-06-09 10:44:19][114413] Processed:  EnactOn\ProCashBee\JobEvents\Jobs\ClearPageCache
[2022-06-09 10:44:19][114414] Processed:  EnactOn\ProCashBee\JobEvents\Jobs\ClearCacheByKey
[2022-06-09 10:44:19][114412] Processed:  EnactOn\ProCashBee\JobEvents\Jobs\ClearCacheByKey
[2022-06-09 10:44:19][114415] Processing: EnactOn\ProCashBee\JobEvents\Jobs\ClearPageCache
[2022-06-09 10:44:19][114415] Processed:  EnactOn\ProCashBee\JobEvents\Jobs\ClearPageCache
[2022-06-09 10:44:20][114417] Processing: EnactOn\ProCashBee\JobEvents\Jobs\ClearCacheByKey
[2022-06-09 10:44:20][114416] Processing: EnactOn\ProCashBee\JobEvents\Jobs\ClearCacheByKey
[2022-06-09 10:44:20][114418] Processing: EnactOn\ProCashBee\JobEvents\Jobs\ClearPageCache
[2022-06-09 10:44:20][114417] Processed:  EnactOn\ProCashBee\JobEvents\Jobs\ClearCacheByKey
[2022-06-09 10:44:20][114418] Processed:  EnactOn\ProCashBee\JobEvents\Jobs\ClearPageCache
[2022-06-09 10:44:20][114416] Processed:  EnactOn\ProCashBee\JobEvents\Jobs\ClearCacheByKey
[2022-06-09 10:44:20][114419] Processing: EnactOn\ProCashBee\JobEvents\Jobs\ClearPageCache
[2022-06-09 10:44:20][114419] Processed:  EnactOn\ProCashBee\JobEvents\Jobs\ClearPageCache
[2022-06-09 11:25:27][114426] Processing: EnactOn\ProCashBee\JobEvents\Jobs\ClearCacheByKey
[2022-06-09 11:25:27][114422] Processing: EnactOn\ProCashBee\JobEvents\Jobs\ClearCacheByTag
[2022-06-09 11:25:27][114420] Processing: EnactOn\ProCashBee\JobEvents\Jobs\GeneratePageRoute
[2022-06-09 11:25:27][114424] Processing: EnactOn\ProCashBee\JobEvents\Jobs\ClearCacheByKey
[2022-06-09 11:25:27][114424] Processed:  EnactOn\ProCashBee\JobEvents\Jobs\ClearCacheByKey
[2022-06-09 11:25:27][114427] Processing: EnactOn\ProCashBee\JobEvents\Jobs\ClearPageCache
[2022-06-09 11:25:27][114426] Processed:  EnactOn\ProCashBee\JobEvents\Jobs\ClearCacheByKey
[2022-06-09 11:25:27][114422] Processed:  EnactOn\ProCashBee\JobEvents\Jobs\ClearCacheByTag
[2022-06-09 11:25:27][114427] Processed:  EnactOn\ProCashBee\JobEvents\Jobs\ClearPageCache
[2022-06-09 11:25:27][114428] Processing: EnactOn\ProCashBee\JobEvents\Jobs\ClearPageCache
[2022-06-09 11:25:27][114428] Processed:  EnactOn\ProCashBee\JobEvents\Jobs\ClearPageCache
[2022-06-09 11:25:27][114420] Processed:  EnactOn\ProCashBee\JobEvents\Jobs\GeneratePageRoute
[2022-06-09 11:31:09][114431] Processing: EnactOn\ProCashBee\JobEvents\Jobs\ClearCacheByTag
[2022-06-09 11:31:09][114429] Processing: EnactOn\ProCashBee\JobEvents\Jobs\GeneratePageRoute
[2022-06-09 11:31:09][114431] Processed:  EnactOn\ProCashBee\JobEvents\Jobs\ClearCacheByTag
[2022-06-09 11:31:09][114433] Processing: EnactOn\ProCashBee\JobEvents\Jobs\ClearCacheByKey
[2022-06-09 11:31:09][114433] Processed:  EnactOn\ProCashBee\JobEvents\Jobs\ClearCacheByKey
[2022-06-09 11:31:09][114435] Processing: EnactOn\ProCashBee\JobEvents\Jobs\ClearCacheByKey
[2022-06-09 11:31:09][114435] Processed:  EnactOn\ProCashBee\JobEvents\Jobs\ClearCacheByKey
[2022-06-09 11:31:09][114436] Processing: EnactOn\ProCashBee\JobEvents\Jobs\ClearPageCache
[2022-06-09 11:31:09][114436] Processed:  EnactOn\ProCashBee\JobEvents\Jobs\ClearPageCache
[2022-06-09 11:31:09][114437] Processing: EnactOn\ProCashBee\JobEvents\Jobs\ClearPageCache
[2022-06-09 11:31:09][114437] Processed:  EnactOn\ProCashBee\JobEvents\Jobs\ClearPageCache
[2022-06-09 11:31:09][114429] Processed:  EnactOn\ProCashBee\JobEvents\Jobs\GeneratePageRoute
[2022-06-09 11:35:09][114438] Processing: EnactOn\ProCashBee\JobEvents\Jobs\GenerateSettingsConfig
[2022-06-09 11:35:09][114438] Processed:  EnactOn\ProCashBee\JobEvents\Jobs\GenerateSettingsConfig
[2022-06-09 11:35:09][114441] Processing: EnactOn\ProCashBee\JobEvents\Jobs\ClearPageCache
[2022-06-09 11:35:09][114441] Processed:  EnactOn\ProCashBee\JobEvents\Jobs\ClearPageCache
[2022-06-09 11:35:09][114442] Processing: EnactOn\ProCashBee\JobEvents\Jobs\ClearPageCache
[2022-06-09 11:35:09][114442] Processed:  EnactOn\ProCashBee\JobEvents\Jobs\ClearPageCache
[2022-06-09 11:35:09][114443] Processing: EnactOn\ProCashBee\JobEvents\Jobs\ClearPageCache
[2022-06-09 11:35:09][114443] Processed:  EnactOn\ProCashBee\JobEvents\Jobs\ClearPageCache
[2022-06-09 13:31:22][114468] Processing: PavelMironchik\LaravelBackupPanel\Jobs\CreateBackupJob
[2022-06-09 13:31:40][114469] Processing: PavelMironchik\LaravelBackupPanel\Jobs\CreateBackupJob
[2022-06-09 13:32:09][114474] Processing: PavelMironchik\LaravelBackupPanel\Jobs\CreateBackupJob
[2022-06-09 13:32:26][114476] Processing: PavelMironchik\LaravelBackupPanel\Jobs\CreateBackupJob
[2022-06-09 13:32:48][114478] Processing: PavelMironchik\LaravelBackupPanel\Jobs\CreateBackupJob
[2022-06-09 13:33:04][114480] Processing: PavelMironchik\LaravelBackupPanel\Jobs\CreateBackupJob
[2022-06-09 13:33:26][114482] Processing: PavelMironchik\LaravelBackupPanel\Jobs\CreateBackupJob
[2022-06-09 13:33:41][114484] Processing: PavelMironchik\LaravelBackupPanel\Jobs\CreateBackupJob
[2022-06-09 13:34:03][114486] Processing: PavelMironchik\LaravelBackupPanel\Jobs\CreateBackupJob
[2022-06-09 13:34:18][114488] Processing: PavelMironchik\LaravelBackupPanel\Jobs\CreateBackupJob
[2022-06-09 13:34:40][114486] Failed:     PavelMironchik\LaravelBackupPanel\Jobs\CreateBackupJob
[2022-06-09 13:34:47][114488] Failed:     PavelMironchik\LaravelBackupPanel\Jobs\CreateBackupJob
[2022-06-09 18:09:25][114493] Processing: EnactOn\ProCashBee\JobEvents\Jobs\ClearCacheByTag
[2022-06-09 18:09:25][114499] Processing: EnactOn\ProCashBee\JobEvents\Jobs\ClearCacheByKey
[2022-06-09 18:09:25][114499] Processed:  EnactOn\ProCashBee\JobEvents\Jobs\ClearCacheByKey
[2022-06-09 18:09:25][114500] Processing: EnactOn\ProCashBee\JobEvents\Jobs\ClearPageCache
[2022-06-09 18:09:25][114500] Processed:  EnactOn\ProCashBee\JobEvents\Jobs\ClearPageCache
[2022-06-09 18:09:25][114493] Processed:  EnactOn\ProCashBee\JobEvents\Jobs\ClearCacheByTag
[2022-06-09 18:09:25][114495] Processing: EnactOn\ProCashBee\JobEvents\Jobs\ClearCacheByKey
[2022-06-09 18:09:25][114497] Processing: EnactOn\ProCashBee\JobEvents\Jobs\ClearCacheByKey
[2022-06-09 18:09:25][114495] Processed:  EnactOn\ProCashBee\JobEvents\Jobs\ClearCacheByKey
[2022-06-09 18:09:25][114497] Processed:  EnactOn\ProCashBee\JobEvents\Jobs\ClearCacheByKey
[2022-06-09 18:10:42][114502] Processing: EnactOn\ProCashBee\JobEvents\Jobs\ClearCacheByTag
[2022-06-09 18:10:42][114506] Processing: EnactOn\ProCashBee\JobEvents\Jobs\ClearCacheByKey
[2022-06-09 18:10:42][114504] Processing: EnactOn\ProCashBee\JobEvents\Jobs\ClearCacheByKey
[2022-06-09 18:10:42][114508] Processing: EnactOn\ProCashBee\JobEvents\Jobs\ClearCacheByKey
[2022-06-09 18:10:42][114506] Processed:  EnactOn\ProCashBee\JobEvents\Jobs\ClearCacheByKey
[2022-06-09 18:10:42][114508] Processed:  EnactOn\ProCashBee\JobEvents\Jobs\ClearCacheByKey
[2022-06-09 18:10:42][114504] Processed:  EnactOn\ProCashBee\JobEvents\Jobs\ClearCacheByKey
[2022-06-09 18:10:42][114509] Processing: EnactOn\ProCashBee\JobEvents\Jobs\ClearPageCache
[2022-06-09 18:10:42][114502] Processed:  EnactOn\ProCashBee\JobEvents\Jobs\ClearCacheByTag
[2022-06-09 18:10:42][114509] Processed:  EnactOn\ProCashBee\JobEvents\Jobs\ClearPageCache
[2022-06-09 20:00:21][114512] Processing: EnactOn\ProCashBee\JobEvents\Jobs\ClearCacheByTag
[2022-06-09 20:00:21][114512] Processed:  EnactOn\ProCashBee\JobEvents\Jobs\ClearCacheByTag
[2022-06-09 20:00:21][114514] Processing: EnactOn\ProCashBee\JobEvents\Jobs\ClearCacheByKey
[2022-06-09 20:00:21][114514] Processed:  EnactOn\ProCashBee\JobEvents\Jobs\ClearCacheByKey
[2022-06-09 20:00:21][114516] Processing: EnactOn\ProCashBee\JobEvents\Jobs\ClearCacheByKey
[2022-06-09 20:00:21][114516] Processed:  EnactOn\ProCashBee\JobEvents\Jobs\ClearCacheByKey
[2022-06-09 20:00:21][114518] Processing: EnactOn\ProCashBee\JobEvents\Jobs\ClearCacheByKey
[2022-06-09 20:00:21][114518] Processed:  EnactOn\ProCashBee\JobEvents\Jobs\ClearCacheByKey
[2022-06-09 20:00:21][114519] Processing: EnactOn\ProCashBee\JobEvents\Jobs\ClearPageCache
[2022-06-09 20:00:21][114519] Processed:  EnactOn\ProCashBee\JobEvents\Jobs\ClearPageCache
[2022-06-09 20:10:11][114522] Processing: EnactOn\ProCashBee\JobEvents\Jobs\ClearCacheByTag
[2022-06-09 20:10:11][114526] Processing: EnactOn\ProCashBee\JobEvents\Jobs\ClearCacheByKey
[2022-06-09 20:10:11][114528] Processing: EnactOn\ProCashBee\JobEvents\Jobs\ClearCacheByKey
[2022-06-09 20:10:11][114524] Processing: EnactOn\ProCashBee\JobEvents\Jobs\ClearCacheByKey
[2022-06-09 20:10:11][114526] Processed:  EnactOn\ProCashBee\JobEvents\Jobs\ClearCacheByKey
[2022-06-09 20:10:11][114524] Processed:  EnactOn\ProCashBee\JobEvents\Jobs\ClearCacheByKey
[2022-06-09 20:10:11][114528] Processed:  EnactOn\ProCashBee\JobEvents\Jobs\ClearCacheByKey
[2022-06-09 20:10:11][114529] Processing: EnactOn\ProCashBee\JobEvents\Jobs\ClearPageCache
[2022-06-09 20:10:11][114529] Processed:  EnactOn\ProCashBee\JobEvents\Jobs\ClearPageCache
[2022-06-09 20:10:11][114522] Processed:  EnactOn\ProCashBee\JobEvents\Jobs\ClearCacheByTag
[2022-06-09 20:11:50][114530] Processing: EnactOn\ProCashBee\JobEvents\Jobs\GenerateSettingsConfig
[2022-06-09 20:11:50][114530] Processed:  EnactOn\ProCashBee\JobEvents\Jobs\GenerateSettingsConfig
[2022-06-09 20:11:50][114533] Processing: EnactOn\ProCashBee\JobEvents\Jobs\ClearPageCache
[2022-06-09 20:11:50][114533] Processed:  EnactOn\ProCashBee\JobEvents\Jobs\ClearPageCache
[2022-06-09 20:11:50][114534] Processing: EnactOn\ProCashBee\JobEvents\Jobs\ClearPageCache
[2022-06-09 20:11:50][114534] Processed:  EnactOn\ProCashBee\JobEvents\Jobs\ClearPageCache
[2022-06-09 20:11:51][114535] Processing: EnactOn\ProCashBee\JobEvents\Jobs\ClearPageCache
[2022-06-09 20:11:51][114535] Processed:  EnactOn\ProCashBee\JobEvents\Jobs\ClearPageCache
[2022-06-09 20:13:48][114539] Processing: EnactOn\ProCashBee\JobEvents\Jobs\ClearCacheByKey
[2022-06-09 20:13:48][114543] Processing: EnactOn\ProCashBee\JobEvents\Jobs\ClearCacheByKey
[2022-06-09 20:13:48][114541] Processing: EnactOn\ProCashBee\JobEvents\Jobs\ClearCacheByKey
[2022-06-09 20:13:48][114537] Processing: EnactOn\ProCashBee\JobEvents\Jobs\ClearCacheByTag
[2022-06-09 20:13:48][114541] Processed:  EnactOn\ProCashBee\JobEvents\Jobs\ClearCacheByKey
[2022-06-09 20:13:48][114543] Processed:  EnactOn\ProCashBee\JobEvents\Jobs\ClearCacheByKey
[2022-06-09 20:13:48][114539] Processed:  EnactOn\ProCashBee\JobEvents\Jobs\ClearCacheByKey
[2022-06-09 20:13:48][114544] Processing: EnactOn\ProCashBee\JobEvents\Jobs\ClearPageCache
[2022-06-09 20:13:48][114537] Processed:  EnactOn\ProCashBee\JobEvents\Jobs\ClearCacheByTag
[2022-06-09 20:13:48][114544] Processed:  EnactOn\ProCashBee\JobEvents\Jobs\ClearPageCache
[2022-06-09 20:27:53][114546] Processing: EnactOn\ProCashBee\JobEvents\Jobs\ClearCacheByKey
[2022-06-09 20:27:53][114546] Processed:  EnactOn\ProCashBee\JobEvents\Jobs\ClearCacheByKey
[2022-06-09 22:05:42][114549] Processing: EnactOn\ProCashBee\JobEvents\Jobs\ClearCacheByTag
[2022-06-09 22:05:42][114551] Processing: EnactOn\ProCashBee\JobEvents\Jobs\ClearCacheByKey
[2022-06-09 22:05:42][114555] Processing: EnactOn\ProCashBee\JobEvents\Jobs\ClearCacheByKey
[2022-06-09 22:05:42][114553] Processing: EnactOn\ProCashBee\JobEvents\Jobs\ClearCacheByKey
[2022-06-09 22:05:42][114555] Processed:  EnactOn\ProCashBee\JobEvents\Jobs\ClearCacheByKey
[2022-06-09 22:05:42][114551] Processed:  EnactOn\ProCashBee\JobEvents\Jobs\ClearCacheByKey
[2022-06-09 22:05:42][114553] Processed:  EnactOn\ProCashBee\JobEvents\Jobs\ClearCacheByKey
[2022-06-09 22:05:42][114556] Processing: EnactOn\ProCashBee\JobEvents\Jobs\ClearPageCache
[2022-06-09 22:05:42][114556] Processed:  EnactOn\ProCashBee\JobEvents\Jobs\ClearPageCache
[2022-06-09 22:05:42][114549] Processed:  EnactOn\ProCashBee\JobEvents\Jobs\ClearCacheByTag
[2022-06-10 04:20:09][114561] Processing: EnactOn\ProCashBee\JobEvents\Jobs\ClearCacheByTag
[2022-06-10 04:20:09][114561] Processed:  EnactOn\ProCashBee\JobEvents\Jobs\ClearCacheByTag
[2022-06-10 06:31:30][114563] Processing: EnactOn\ProCashBee\JobEvents\Jobs\ClearCacheByKey
[2022-06-10 06:31:30][114563] Processed:  EnactOn\ProCashBee\JobEvents\Jobs\ClearCacheByKey
[2022-06-10 06:32:41][114565] Processing: EnactOn\ProCashBee\JobEvents\Jobs\ClearCacheByKey
[2022-06-10 06:32:41][114565] Processed:  EnactOn\ProCashBee\JobEvents\Jobs\ClearCacheByKey
[2022-06-10 06:36:10][114567] Processing: EnactOn\ProCashBee\JobEvents\Jobs\ClearCacheByKey
[2022-06-10 06:36:10][114567] Processed:  EnactOn\ProCashBee\JobEvents\Jobs\ClearCacheByKey
[2022-06-10 06:36:31][114569] Processing: EnactOn\ProCashBee\JobEvents\Jobs\ClearCacheByKey
[2022-06-10 06:36:31][114569] Processed:  EnactOn\ProCashBee\JobEvents\Jobs\ClearCacheByKey
[2022-06-10 06:37:05][114571] Processing: EnactOn\ProCashBee\JobEvents\Jobs\ClearCacheByKey
[2022-06-10 06:37:05][114571] Processed:  EnactOn\ProCashBee\JobEvents\Jobs\ClearCacheByKey
[2022-06-10 06:37:17][114573] Processing: EnactOn\ProCashBee\JobEvents\Jobs\ClearCacheByKey
[2022-06-10 06:37:17][114573] Processed:  EnactOn\ProCashBee\JobEvents\Jobs\ClearCacheByKey
[2022-06-10 14:33:34][114577] Processing: EnactOn\ProCashBee\JobEvents\Jobs\ClearCacheByKey
[2022-06-10 14:33:34][114577] Processed:  EnactOn\ProCashBee\JobEvents\Jobs\ClearCacheByKey
[2022-06-11 02:34:40][114584] Processing: EnactOn\ProCashBee\JobEvents\Jobs\ClearCacheByKey
[2022-06-11 02:34:40][114584] Processed:  EnactOn\ProCashBee\JobEvents\Jobs\ClearCacheByKey
[2022-06-11 02:35:45][114588] Processing: EnactOn\ProCashBee\JobEvents\Jobs\ClearCacheByKey
[2022-06-11 02:35:46][114588] Processed:  EnactOn\ProCashBee\JobEvents\Jobs\ClearCacheByKey
[2022-06-11 02:38:14][114590] Processing: EnactOn\ProCashBee\JobEvents\Jobs\ClearCacheByKey
[2022-06-11 02:38:14][114590] Processed:  EnactOn\ProCashBee\JobEvents\Jobs\ClearCacheByKey
[2022-06-11 02:38:48][114604] Processing: EnactOn\ProCashBee\JobEvents\Jobs\ClearCacheByTag
[2022-06-11 02:38:48][114604] Processed:  EnactOn\ProCashBee\JobEvents\Jobs\ClearCacheByTag
[2022-06-11 03:47:33][114606] Processing: EnactOn\ProCashBee\JobEvents\Jobs\ClearCacheByKey
[2022-06-11 03:47:33][114606] Processed:  EnactOn\ProCashBee\JobEvents\Jobs\ClearCacheByKey
[2022-06-11 03:47:55][114608] Processing: EnactOn\ProCashBee\JobEvents\Jobs\ClearCacheByKey
[2022-06-11 03:47:55][114608] Processed:  EnactOn\ProCashBee\JobEvents\Jobs\ClearCacheByKey
[2022-06-11 04:20:07][114614] Processing: EnactOn\ProCashBee\JobEvents\Jobs\ClearCacheByTag
[2022-06-11 04:20:07][114614] Processed:  EnactOn\ProCashBee\JobEvents\Jobs\ClearCacheByTag
[2022-06-11 04:20:12][114617] Processing: EnactOn\ProCashBee\JobEvents\Jobs\ClearCacheByTag
[2022-06-11 04:20:12][114617] Processed:  EnactOn\ProCashBee\JobEvents\Jobs\ClearCacheByTag
[2022-06-11 04:37:27][114622] Processing: EnactOn\ProCashBee\JobEvents\Jobs\ClearCacheByTag
[2022-06-11 04:37:27][114622] Processed:  EnactOn\ProCashBee\JobEvents\Jobs\ClearCacheByTag
[2022-06-11 04:37:31][114625] Processing: EnactOn\ProCashBee\JobEvents\Jobs\ClearCacheByTag
[2022-06-11 04:37:31][114625] Processed:  EnactOn\ProCashBee\JobEvents\Jobs\ClearCacheByTag
[2022-06-11 06:53:45][114627] Processing: EnactOn\ProCashBee\JobEvents\Jobs\ClearCacheByKey
[2022-06-11 06:53:45][114627] Processed:  EnactOn\ProCashBee\JobEvents\Jobs\ClearCacheByKey
[2022-06-11 21:18:23][114639] Processing: EnactOn\ProCashBee\Mail\Mail\VerifyEmail
[2022-06-11 21:18:24][114639] Processed:  EnactOn\ProCashBee\Mail\Mail\VerifyEmail
[2022-06-11 22:39:39][114648] Processing: EnactOn\ProCashBee\JobEvents\Jobs\ClearCacheByKey
[2022-06-11 22:39:39][114650] Processing: EnactOn\ProCashBee\JobEvents\Jobs\ClearCacheByKey
[2022-06-11 22:39:39][114648] Processed:  EnactOn\ProCashBee\JobEvents\Jobs\ClearCacheByKey
[2022-06-11 22:39:39][114651] Processing: EnactOn\ProCashBee\JobEvents\Jobs\ClearPageCache
[2022-06-11 22:39:39][114651] Processed:  EnactOn\ProCashBee\JobEvents\Jobs\ClearPageCache
[2022-06-11 22:39:39][114652] Processing: EnactOn\ProCashBee\JobEvents\Jobs\ClearPageCache
[2022-06-11 22:39:39][114652] Processed:  EnactOn\ProCashBee\JobEvents\Jobs\ClearPageCache
[2022-06-11 22:39:39][114646] Processing: EnactOn\ProCashBee\JobEvents\Jobs\ClearCacheByTag
[2022-06-11 22:39:39][114644] Processing: EnactOn\ProCashBee\JobEvents\Jobs\GeneratePageRoute
[2022-06-11 22:39:39][114650] Processed:  EnactOn\ProCashBee\JobEvents\Jobs\ClearCacheByKey
[2022-06-11 22:39:39][114646] Processed:  EnactOn\ProCashBee\JobEvents\Jobs\ClearCacheByTag
[2022-06-11 22:39:39][114644] Processed:  EnactOn\ProCashBee\JobEvents\Jobs\GeneratePageRoute
[2022-06-11 22:40:15][114653] Processing: EnactOn\ProCashBee\JobEvents\Jobs\GeneratePageRoute
[2022-06-11 22:40:15][114655] Processing: EnactOn\ProCashBee\JobEvents\Jobs\ClearCacheByTag
[2022-06-11 22:40:15][114657] Processing: EnactOn\ProCashBee\JobEvents\Jobs\ClearCacheByKey
[2022-06-11 22:40:15][114657] Processed:  EnactOn\ProCashBee\JobEvents\Jobs\ClearCacheByKey
[2022-06-11 22:40:15][114655] Processed:  EnactOn\ProCashBee\JobEvents\Jobs\ClearCacheByTag
[2022-06-11 22:40:15][114659] Processing: EnactOn\ProCashBee\JobEvents\Jobs\ClearCacheByKey
[2022-06-11 22:40:15][114660] Processing: EnactOn\ProCashBee\JobEvents\Jobs\ClearPageCache
[2022-06-11 22:40:15][114660] Processed:  EnactOn\ProCashBee\JobEvents\Jobs\ClearPageCache
[2022-06-11 22:40:15][114661] Processing: EnactOn\ProCashBee\JobEvents\Jobs\ClearPageCache
[2022-06-11 22:40:15][114661] Processed:  EnactOn\ProCashBee\JobEvents\Jobs\ClearPageCache
[2022-06-11 22:40:15][114659] Processed:  EnactOn\ProCashBee\JobEvents\Jobs\ClearCacheByKey
[2022-06-11 22:40:15][114653] Processed:  EnactOn\ProCashBee\JobEvents\Jobs\GeneratePageRoute
[2022-06-11 22:40:43][114662] Processing: EnactOn\ProCashBee\JobEvents\Jobs\GeneratePageRoute
[2022-06-11 22:40:43][114664] Processing: EnactOn\ProCashBee\JobEvents\Jobs\ClearCacheByTag
[2022-06-11 22:40:43][114664] Processed:  EnactOn\ProCashBee\JobEvents\Jobs\ClearCacheByTag
[2022-06-11 22:40:43][114666] Processing: EnactOn\ProCashBee\JobEvents\Jobs\ClearCacheByKey
[2022-06-11 22:40:43][114666] Processed:  EnactOn\ProCashBee\JobEvents\Jobs\ClearCacheByKey
[2022-06-11 22:40:43][114668] Processing: EnactOn\ProCashBee\JobEvents\Jobs\ClearCacheByKey
[2022-06-11 22:40:43][114662] Processed:  EnactOn\ProCashBee\JobEvents\Jobs\GeneratePageRoute
[2022-06-11 22:40:43][114669] Processing: EnactOn\ProCashBee\JobEvents\Jobs\ClearPageCache
[2022-06-11 22:40:43][114669] Processed:  EnactOn\ProCashBee\JobEvents\Jobs\ClearPageCache
[2022-06-11 22:40:43][114670] Processing: EnactOn\ProCashBee\JobEvents\Jobs\ClearPageCache
[2022-06-11 22:40:43][114670] Processed:  EnactOn\ProCashBee\JobEvents\Jobs\ClearPageCache
[2022-06-11 22:40:43][114668] Processed:  EnactOn\ProCashBee\JobEvents\Jobs\ClearCacheByKey
[2022-06-11 22:42:48][114672] Processing: EnactOn\ProCashBee\JobEvents\Jobs\ClearCacheByKey
[2022-06-11 22:42:48][114672] Processed:  EnactOn\ProCashBee\JobEvents\Jobs\ClearCacheByKey
[2022-06-11 22:44:18][114673] Processing: EnactOn\ProCashBee\JobEvents\Jobs\GeneratePageRoute
[2022-06-11 22:44:18][114673] Processed:  EnactOn\ProCashBee\JobEvents\Jobs\GeneratePageRoute
[2022-06-11 22:44:18][114675] Processing: EnactOn\ProCashBee\JobEvents\Jobs\ClearCacheByTag
[2022-06-11 22:44:18][114675] Processed:  EnactOn\ProCashBee\JobEvents\Jobs\ClearCacheByTag
[2022-06-11 22:44:18][114677] Processing: EnactOn\ProCashBee\JobEvents\Jobs\ClearCacheByKey
[2022-06-11 22:44:18][114677] Processed:  EnactOn\ProCashBee\JobEvents\Jobs\ClearCacheByKey
[2022-06-11 22:44:18][114679] Processing: EnactOn\ProCashBee\JobEvents\Jobs\ClearCacheByKey
[2022-06-11 22:44:18][114679] Processed:  EnactOn\ProCashBee\JobEvents\Jobs\ClearCacheByKey
[2022-06-11 22:44:18][114680] Processing: EnactOn\ProCashBee\JobEvents\Jobs\ClearPageCache
[2022-06-11 22:44:18][114680] Processed:  EnactOn\ProCashBee\JobEvents\Jobs\ClearPageCache
[2022-06-11 22:44:18][114681] Processing: EnactOn\ProCashBee\JobEvents\Jobs\ClearPageCache
[2022-06-11 22:44:18][114681] Processed:  EnactOn\ProCashBee\JobEvents\Jobs\ClearPageCache
[2022-06-11 22:45:38][114682] Processing: EnactOn\ProCashBee\JobEvents\Jobs\GeneratePageRoute
[2022-06-11 22:45:38][114684] Processing: EnactOn\ProCashBee\JobEvents\Jobs\ClearCacheByTag
[2022-06-11 22:45:38][114686] Processing: EnactOn\ProCashBee\JobEvents\Jobs\ClearCacheByKey
[2022-06-11 22:45:38][114684] Processed:  EnactOn\ProCashBee\JobEvents\Jobs\ClearCacheByTag
[2022-06-11 22:45:38][114682] Processed:  EnactOn\ProCashBee\JobEvents\Jobs\GeneratePageRoute
[2022-06-11 22:45:38][114686] Processed:  EnactOn\ProCashBee\JobEvents\Jobs\ClearCacheByKey
[2022-06-11 22:45:38][114688] Processing: EnactOn\ProCashBee\JobEvents\Jobs\ClearCacheByKey
[2022-06-11 22:45:38][114689] Processing: EnactOn\ProCashBee\JobEvents\Jobs\ClearPageCache
[2022-06-11 22:45:38][114690] Processing: EnactOn\ProCashBee\JobEvents\Jobs\ClearPageCache
[2022-06-11 22:45:38][114689] Processed:  EnactOn\ProCashBee\JobEvents\Jobs\ClearPageCache
[2022-06-11 22:45:38][114688] Processed:  EnactOn\ProCashBee\JobEvents\Jobs\ClearCacheByKey
[2022-06-11 22:45:38][114690] Processed:  EnactOn\ProCashBee\JobEvents\Jobs\ClearPageCache
[2022-06-11 22:46:17][114693] Processing: EnactOn\ProCashBee\JobEvents\Jobs\ClearCacheByTag
[2022-06-11 22:46:17][114691] Processing: EnactOn\ProCashBee\JobEvents\Jobs\GeneratePageRoute
[2022-06-11 22:46:17][114695] Processing: EnactOn\ProCashBee\JobEvents\Jobs\ClearCacheByKey
[2022-06-11 22:46:17][114695] Processed:  EnactOn\ProCashBee\JobEvents\Jobs\ClearCacheByKey
[2022-06-11 22:46:17][114693] Processed:  EnactOn\ProCashBee\JobEvents\Jobs\ClearCacheByTag
[2022-06-11 22:46:17][114697] Processing: EnactOn\ProCashBee\JobEvents\Jobs\ClearCacheByKey
[2022-06-11 22:46:17][114691] Processed:  EnactOn\ProCashBee\JobEvents\Jobs\GeneratePageRoute
[2022-06-11 22:46:17][114698] Processing: EnactOn\ProCashBee\JobEvents\Jobs\ClearPageCache
[2022-06-11 22:46:17][114699] Processing: EnactOn\ProCashBee\JobEvents\Jobs\ClearPageCache
[2022-06-11 22:46:17][114699] Processed:  EnactOn\ProCashBee\JobEvents\Jobs\ClearPageCache
[2022-06-11 22:46:17][114698] Processed:  EnactOn\ProCashBee\JobEvents\Jobs\ClearPageCache
[2022-06-11 22:46:17][114697] Processed:  EnactOn\ProCashBee\JobEvents\Jobs\ClearCacheByKey
[2022-06-11 22:51:15][114700] Processing: EnactOn\ProCashBee\JobEvents\Jobs\GeneratePageRoute
[2022-06-11 22:51:15][114704] Processing: EnactOn\ProCashBee\JobEvents\Jobs\ClearCacheByKey
[2022-06-11 22:51:15][114702] Processing: EnactOn\ProCashBee\JobEvents\Jobs\ClearCacheByTag
[2022-06-11 22:51:15][114704] Processed:  EnactOn\ProCashBee\JobEvents\Jobs\ClearCacheByKey
[2022-06-11 22:51:15][114702] Processed:  EnactOn\ProCashBee\JobEvents\Jobs\ClearCacheByTag
[2022-06-11 22:51:15][114700] Processed:  EnactOn\ProCashBee\JobEvents\Jobs\GeneratePageRoute
[2022-06-11 22:51:15][114706] Processing: EnactOn\ProCashBee\JobEvents\Jobs\ClearCacheByKey
[2022-06-11 22:51:15][114707] Processing: EnactOn\ProCashBee\JobEvents\Jobs\ClearPageCache
[2022-06-11 22:51:15][114708] Processing: EnactOn\ProCashBee\JobEvents\Jobs\ClearPageCache
[2022-06-11 22:51:15][114707] Processed:  EnactOn\ProCashBee\JobEvents\Jobs\ClearPageCache
[2022-06-11 22:51:15][114708] Processed:  EnactOn\ProCashBee\JobEvents\Jobs\ClearPageCache
[2022-06-11 22:51:15][114706] Processed:  EnactOn\ProCashBee\JobEvents\Jobs\ClearCacheByKey
[2022-06-11 23:06:33][114709] Processing: EnactOn\ProCashBee\JobEvents\Jobs\GeneratePageRoute
[2022-06-11 23:06:33][114715] Processing: EnactOn\ProCashBee\JobEvents\Jobs\ClearCacheByKey
[2022-06-11 23:06:33][114713] Processing: EnactOn\ProCashBee\JobEvents\Jobs\ClearCacheByKey
[2022-06-11 23:06:33][114711] Processing: EnactOn\ProCashBee\JobEvents\Jobs\ClearCacheByTag
[2022-06-11 23:06:33][114713] Processed:  EnactOn\ProCashBee\JobEvents\Jobs\ClearCacheByKey
[2022-06-11 23:06:33][114711] Processed:  EnactOn\ProCashBee\JobEvents\Jobs\ClearCacheByTag
[2022-06-11 23:06:33][114709] Processed:  EnactOn\ProCashBee\JobEvents\Jobs\GeneratePageRoute
[2022-06-11 23:06:33][114716] Processing: EnactOn\ProCashBee\JobEvents\Jobs\ClearPageCache
[2022-06-11 23:06:33][114715] Processed:  EnactOn\ProCashBee\JobEvents\Jobs\ClearCacheByKey
[2022-06-11 23:06:33][114717] Processing: EnactOn\ProCashBee\JobEvents\Jobs\ClearPageCache
[2022-06-11 23:06:33][114716] Processed:  EnactOn\ProCashBee\JobEvents\Jobs\ClearPageCache
[2022-06-11 23:06:33][114717] Processed:  EnactOn\ProCashBee\JobEvents\Jobs\ClearPageCache
[2022-06-11 23:19:20][114718] Processing: EnactOn\ProCashBee\JobEvents\Jobs\GeneratePageRoute
[2022-06-11 23:19:20][114720] Processing: EnactOn\ProCashBee\JobEvents\Jobs\ClearCacheByTag
[2022-06-11 23:19:20][114722] Processing: EnactOn\ProCashBee\JobEvents\Jobs\ClearCacheByKey
[2022-06-11 23:19:20][114724] Processing: EnactOn\ProCashBee\JobEvents\Jobs\ClearCacheByKey
[2022-06-11 23:19:20][114722] Processed:  EnactOn\ProCashBee\JobEvents\Jobs\ClearCacheByKey
[2022-06-11 23:19:20][114718] Processed:  EnactOn\ProCashBee\JobEvents\Jobs\GeneratePageRoute
[2022-06-11 23:19:20][114724] Processed:  EnactOn\ProCashBee\JobEvents\Jobs\ClearCacheByKey
[2022-06-11 23:19:20][114725] Processing: EnactOn\ProCashBee\JobEvents\Jobs\ClearPageCache
[2022-06-11 23:19:20][114726] Processing: EnactOn\ProCashBee\JobEvents\Jobs\ClearPageCache
[2022-06-11 23:19:20][114725] Processed:  EnactOn\ProCashBee\JobEvents\Jobs\ClearPageCache
[2022-06-11 23:19:20][114720] Processed:  EnactOn\ProCashBee\JobEvents\Jobs\ClearCacheByTag
[2022-06-11 23:19:20][114726] Processed:  EnactOn\ProCashBee\JobEvents\Jobs\ClearPageCache
[2022-06-11 23:23:10][114727] Processing: EnactOn\ProCashBee\JobEvents\Jobs\GeneratePageRoute
[2022-06-11 23:23:10][114729] Processing: EnactOn\ProCashBee\JobEvents\Jobs\ClearCacheByTag
[2022-06-11 23:23:10][114731] Processing: EnactOn\ProCashBee\JobEvents\Jobs\ClearCacheByKey
[2022-06-11 23:23:10][114733] Processing: EnactOn\ProCashBee\JobEvents\Jobs\ClearCacheByKey
[2022-06-11 23:23:10][114731] Processed:  EnactOn\ProCashBee\JobEvents\Jobs\ClearCacheByKey
[2022-06-11 23:23:10][114729] Processed:  EnactOn\ProCashBee\JobEvents\Jobs\ClearCacheByTag
[2022-06-11 23:23:10][114727] Processed:  EnactOn\ProCashBee\JobEvents\Jobs\GeneratePageRoute
[2022-06-11 23:23:10][114734] Processing: EnactOn\ProCashBee\JobEvents\Jobs\ClearPageCache
[2022-06-11 23:23:10][114735] Processing: EnactOn\ProCashBee\JobEvents\Jobs\ClearPageCache
[2022-06-11 23:23:10][114733] Processed:  EnactOn\ProCashBee\JobEvents\Jobs\ClearCacheByKey
[2022-06-11 23:23:10][114734] Processed:  EnactOn\ProCashBee\JobEvents\Jobs\ClearPageCache
[2022-06-11 23:23:10][114735] Processed:  EnactOn\ProCashBee\JobEvents\Jobs\ClearPageCache
[2022-06-11 23:23:18][114736] Processing: EnactOn\ProCashBee\JobEvents\Jobs\GeneratePageRoute
[2022-06-11 23:23:18][114738] Processing: EnactOn\ProCashBee\JobEvents\Jobs\ClearCacheByTag
[2022-06-11 23:23:18][114740] Processing: EnactOn\ProCashBee\JobEvents\Jobs\ClearCacheByKey
[2022-06-11 23:23:18][114742] Processing: EnactOn\ProCashBee\JobEvents\Jobs\ClearCacheByKey
[2022-06-11 23:23:18][114740] Processed:  EnactOn\ProCashBee\JobEvents\Jobs\ClearCacheByKey
[2022-06-11 23:23:18][114742] Processed:  EnactOn\ProCashBee\JobEvents\Jobs\ClearCacheByKey
[2022-06-11 23:23:18][114738] Processed:  EnactOn\ProCashBee\JobEvents\Jobs\ClearCacheByTag
[2022-06-11 23:23:18][114736] Processed:  EnactOn\ProCashBee\JobEvents\Jobs\GeneratePageRoute
[2022-06-11 23:23:18][114743] Processing: EnactOn\ProCashBee\JobEvents\Jobs\ClearPageCache
[2022-06-11 23:23:18][114744] Processing: EnactOn\ProCashBee\JobEvents\Jobs\ClearPageCache
[2022-06-11 23:23:18][114743] Processed:  EnactOn\ProCashBee\JobEvents\Jobs\ClearPageCache
[2022-06-11 23:23:18][114744] Processed:  EnactOn\ProCashBee\JobEvents\Jobs\ClearPageCache
[2022-06-11 23:24:53][114747] Processing: EnactOn\ProCashBee\JobEvents\Jobs\ClearCacheByTag
[2022-06-11 23:24:53][114745] Processing: EnactOn\ProCashBee\JobEvents\Jobs\GeneratePageRoute
[2022-06-11 23:24:53][114747] Processed:  EnactOn\ProCashBee\JobEvents\Jobs\ClearCacheByTag
[2022-06-11 23:24:53][114745] Processed:  EnactOn\ProCashBee\JobEvents\Jobs\GeneratePageRoute
[2022-06-11 23:24:53][114751] Processing: EnactOn\ProCashBee\JobEvents\Jobs\ClearCacheByKey
[2022-06-11 23:24:53][114749] Processing: EnactOn\ProCashBee\JobEvents\Jobs\ClearCacheByKey
[2022-06-11 23:24:53][114749] Processed:  EnactOn\ProCashBee\JobEvents\Jobs\ClearCacheByKey
[2022-06-11 23:24:53][114751] Processed:  EnactOn\ProCashBee\JobEvents\Jobs\ClearCacheByKey
[2022-06-11 23:24:53][114753] Processing: EnactOn\ProCashBee\JobEvents\Jobs\ClearPageCache
[2022-06-11 23:24:53][114752] Processing: EnactOn\ProCashBee\JobEvents\Jobs\ClearPageCache
[2022-06-11 23:24:53][114753] Processed:  EnactOn\ProCashBee\JobEvents\Jobs\ClearPageCache
[2022-06-11 23:24:53][114752] Processed:  EnactOn\ProCashBee\JobEvents\Jobs\ClearPageCache
[2022-06-11 23:33:46][114757] Processing: EnactOn\ProCashBee\JobEvents\Jobs\ClearPageCache
[2022-06-11 23:33:46][114755] Processing: EnactOn\ProCashBee\JobEvents\Jobs\ClearCacheByKey
[2022-06-11 23:33:46][114754] Processing: EnactOn\ProCashBee\JobEvents\Jobs\ClearCacheByKey
[2022-06-11 23:33:46][114756] Processing: EnactOn\ProCashBee\JobEvents\Jobs\ClearPageCache
[2022-06-11 23:33:46][114755] Processed:  EnactOn\ProCashBee\JobEvents\Jobs\ClearCacheByKey
[2022-06-11 23:33:46][114754] Processed:  EnactOn\ProCashBee\JobEvents\Jobs\ClearCacheByKey
[2022-06-11 23:33:46][114756] Processed:  EnactOn\ProCashBee\JobEvents\Jobs\ClearPageCache
[2022-06-11 23:33:46][114757] Processed:  EnactOn\ProCashBee\JobEvents\Jobs\ClearPageCache
[2022-06-12 00:32:11][114765] Processing: EnactOn\ProCashBee\JobEvents\Jobs\ClearCacheByKey
[2022-06-12 00:32:11][114761] Processing: EnactOn\ProCashBee\JobEvents\Jobs\ClearCacheByTag
[2022-06-12 00:32:11][114763] Processing: EnactOn\ProCashBee\JobEvents\Jobs\ClearCacheByKey
[2022-06-12 00:32:11][114759] Processing: EnactOn\ProCashBee\JobEvents\Jobs\GeneratePageRoute
[2022-06-12 00:32:11][114763] Processed:  EnactOn\ProCashBee\JobEvents\Jobs\ClearCacheByKey
[2022-06-12 00:32:11][114761] Processed:  EnactOn\ProCashBee\JobEvents\Jobs\ClearCacheByTag
[2022-06-12 00:32:11][114759] Processed:  EnactOn\ProCashBee\JobEvents\Jobs\GeneratePageRoute
[2022-06-12 00:32:11][114766] Processing: EnactOn\ProCashBee\JobEvents\Jobs\ClearPageCache
[2022-06-12 00:32:11][114765] Processed:  EnactOn\ProCashBee\JobEvents\Jobs\ClearCacheByKey
[2022-06-12 00:32:11][114767] Processing: EnactOn\ProCashBee\JobEvents\Jobs\ClearPageCache
[2022-06-12 00:32:11][114766] Processed:  EnactOn\ProCashBee\JobEvents\Jobs\ClearPageCache
[2022-06-12 00:32:11][114767] Processed:  EnactOn\ProCashBee\JobEvents\Jobs\ClearPageCache
[2022-06-12 00:36:40][114770] Processing: EnactOn\ProCashBee\JobEvents\Jobs\ClearCacheByTag
[2022-06-12 00:36:40][114768] Processing: EnactOn\ProCashBee\JobEvents\Jobs\GeneratePageRoute
[2022-06-12 00:36:40][114772] Processing: EnactOn\ProCashBee\JobEvents\Jobs\ClearCacheByKey
[2022-06-12 00:36:40][114774] Processing: EnactOn\ProCashBee\JobEvents\Jobs\ClearCacheByKey
[2022-06-12 00:36:40][114772] Processed:  EnactOn\ProCashBee\JobEvents\Jobs\ClearCacheByKey
[2022-06-12 00:36:40][114770] Processed:  EnactOn\ProCashBee\JobEvents\Jobs\ClearCacheByTag
[2022-06-12 00:36:40][114768] Processed:  EnactOn\ProCashBee\JobEvents\Jobs\GeneratePageRoute
[2022-06-12 00:36:40][114775] Processing: EnactOn\ProCashBee\JobEvents\Jobs\ClearPageCache
[2022-06-12 00:36:40][114774] Processed:  EnactOn\ProCashBee\JobEvents\Jobs\ClearCacheByKey
[2022-06-12 00:36:40][114776] Processing: EnactOn\ProCashBee\JobEvents\Jobs\ClearPageCache
[2022-06-12 00:36:40][114775] Processed:  EnactOn\ProCashBee\JobEvents\Jobs\ClearPageCache
[2022-06-12 00:36:40][114776] Processed:  EnactOn\ProCashBee\JobEvents\Jobs\ClearPageCache
[2022-06-12 00:44:53][114781] Processing: EnactOn\ProCashBee\JobEvents\Jobs\ClearCacheByKey
[2022-06-12 00:44:53][114777] Processing: EnactOn\ProCashBee\JobEvents\Jobs\GeneratePageRoute
[2022-06-12 00:44:53][114779] Processing: EnactOn\ProCashBee\JobEvents\Jobs\ClearCacheByTag
[2022-06-12 00:44:53][114783] Processing: EnactOn\ProCashBee\JobEvents\Jobs\ClearCacheByKey
[2022-06-12 00:44:53][114781] Processed:  EnactOn\ProCashBee\JobEvents\Jobs\ClearCacheByKey
[2022-06-12 00:44:53][114779] Processed:  EnactOn\ProCashBee\JobEvents\Jobs\ClearCacheByTag
[2022-06-12 00:44:53][114777] Processed:  EnactOn\ProCashBee\JobEvents\Jobs\GeneratePageRoute
[2022-06-12 00:44:53][114784] Processing: EnactOn\ProCashBee\JobEvents\Jobs\ClearPageCache
[2022-06-12 00:44:53][114785] Processing: EnactOn\ProCashBee\JobEvents\Jobs\ClearPageCache
[2022-06-12 00:44:53][114783] Processed:  EnactOn\ProCashBee\JobEvents\Jobs\ClearCacheByKey
[2022-06-12 00:44:53][114785] Processed:  EnactOn\ProCashBee\JobEvents\Jobs\ClearPageCache
[2022-06-12 00:44:53][114784] Processed:  EnactOn\ProCashBee\JobEvents\Jobs\ClearPageCache
[2022-06-12 00:45:57][114788] Processing: EnactOn\ProCashBee\JobEvents\Jobs\ClearCacheByTag
[2022-06-12 00:45:57][114790] Processing: EnactOn\ProCashBee\JobEvents\Jobs\ClearCacheByKey
[2022-06-12 00:45:57][114786] Processing: EnactOn\ProCashBee\JobEvents\Jobs\GeneratePageRoute
[2022-06-12 00:45:57][114792] Processing: EnactOn\ProCashBee\JobEvents\Jobs\ClearCacheByKey
[2022-06-12 00:45:57][114790] Processed:  EnactOn\ProCashBee\JobEvents\Jobs\ClearCacheByKey
[2022-06-12 00:45:57][114788] Processed:  EnactOn\ProCashBee\JobEvents\Jobs\ClearCacheByTag
[2022-06-12 00:45:57][114786] Processed:  EnactOn\ProCashBee\JobEvents\Jobs\GeneratePageRoute
[2022-06-12 00:45:57][114792] Processed:  EnactOn\ProCashBee\JobEvents\Jobs\ClearCacheByKey
[2022-06-12 00:45:57][114793] Processing: EnactOn\ProCashBee\JobEvents\Jobs\ClearPageCache
[2022-06-12 00:45:57][114794] Processing: EnactOn\ProCashBee\JobEvents\Jobs\ClearPageCache
[2022-06-12 00:45:57][114793] Processed:  EnactOn\ProCashBee\JobEvents\Jobs\ClearPageCache
[2022-06-12 00:45:57][114794] Processed:  EnactOn\ProCashBee\JobEvents\Jobs\ClearPageCache
[2022-06-12 01:36:18][114795] Processing: PavelMironchik\LaravelBackupPanel\Jobs\CreateBackupJob
[2022-06-12 01:36:27][114796] Processing: PavelMironchik\LaravelBackupPanel\Jobs\CreateBackupJob
[2022-06-12 01:36:42][114797] Processing: PavelMironchik\LaravelBackupPanel\Jobs\CreateBackupJob
[2022-06-12 01:36:52][114799] Processing: PavelMironchik\LaravelBackupPanel\Jobs\CreateBackupJob
[2022-06-12 01:37:00][114801] Processing: PavelMironchik\LaravelBackupPanel\Jobs\CreateBackupJob
[2022-06-12 01:37:11][114802] Processing: PavelMironchik\LaravelBackupPanel\Jobs\CreateBackupJob
[2022-06-12 01:37:11][114804] Processing: PavelMironchik\LaravelBackupPanel\Jobs\CreateBackupJob
[2022-06-12 01:37:11][114805] Processing: PavelMironchik\LaravelBackupPanel\Jobs\CreateBackupJob
[2022-06-12 01:37:37][114802] Processed:  PavelMironchik\LaravelBackupPanel\Jobs\CreateBackupJob
[2022-06-12 01:37:37][114808] Processing: PavelMironchik\LaravelBackupPanel\Jobs\CreateBackupJob
[2022-06-12 01:37:47][114810] Processing: PavelMironchik\LaravelBackupPanel\Jobs\CreateBackupJob
[2022-06-12 01:38:13][114808] Processed:  PavelMironchik\LaravelBackupPanel\Jobs\CreateBackupJob
[2022-06-12 01:38:18][114814] Processing: PavelMironchik\LaravelBackupPanel\Jobs\CreateBackupJob
[2022-06-12 01:38:34][114814] Processed:  PavelMironchik\LaravelBackupPanel\Jobs\CreateBackupJob
[2022-06-12 01:38:41][114805] Processing: PavelMironchik\LaravelBackupPanel\Jobs\CreateBackupJob
